<?xml version="1.0" encoding="UTF-8"?>
<!-- Generated by org.testng.reporters.JUnitReportReporter -->
<testsuite hostname="Lenovo" failures="0" tests="1" name="day8.deleteUser" time="0.693" errors="0" timestamp="2025-03-31T15:59:01 IST" skipped="0">
  <testcase classname="day8.deleteUser" name="testDelete_user" time="0.693"/>
</testsuite> <!-- day8.deleteUser -->
