<?xml version="1.0" encoding="UTF-8"?>
<!-- Generated by org.testng.reporters.JUnitReportReporter -->
<testsuite hostname="Lenovo" failures="0" tests="2" name="day7.Authorizatiions" time="5.079" errors="0" timestamp="2025-03-31T12:46:54 IST" skipped="0">
  <testcase classname="day7.Authorizatiions" name="testBasicAuthorization1" time="3.282"/>
  <testcase classname="day7.Authorizatiions" name="testBasicAuthorization2" time="1.797"/>
</testsuite> <!-- day7.Authorizatiions -->
