<?xml version="1.0" encoding="UTF-8"?>
<!-- Generated by org.testng.reporters.JUnitReportReporter -->
<testsuite hostname="Lenovo" failures="1" tests="1" name="day6.jsonSchemaValidation" time="1.653" errors="0" timestamp="2025-03-31T17:52:02 IST" skipped="0">
  <testcase classname="day6.jsonSchemaValidation" name="testMethod" time="1.653">
    <failure message="1 expectation failed.
Response body doesn&#039;t match expectation.
Expected: The content to match the given JSON schema.
warning: the following keywords are unknown and will be ignored: [$id]
    level: &quot;warning&quot;
    schema: {&quot;loadingURI&quot;:&quot;file:/C:/Workplace/workplace%206dec%202024/6th%20dec%202024/RestAssured/target/test-classes/jsonSchema.json#&quot;,&quot;pointer&quot;:&quot;&quot;}
    domain: &quot;syntax&quot;
    ignored: [&quot;$id&quot;]
warning: the following keywords are unknown and will be ignored: [$id]
    level: &quot;warning&quot;
    schema: {&quot;loadingURI&quot;:&quot;file:/C:/Workplace/workplace%206dec%202024/6th%20dec%202024/RestAssured/target/test-classes/jsonSchema.json#&quot;,&quot;pointer&quot;:&quot;/items&quot;}
    domain: &quot;syntax&quot;
    ignored: [&quot;$id&quot;]
warning: the following keywords are unknown and will be ignored: [$id, examples]
    level: &quot;warning&quot;
    schema: {&quot;loadingURI&quot;:&quot;file:/C:/Workplace/workplace%206dec%202024/6th%20dec%202024/RestAssured/target/test-classes/jsonSchema.json#&quot;,&quot;pointer&quot;:&quot;/items/properties/age&quot;}
    domain: &quot;syntax&quot;
    ignored: [&quot;$id&quot;,&quot;examples&quot;]
warning: the following keywords are unknown and will be ignored: [$id, examples]
    level: &quot;warning&quot;
    schema: {&quot;loadingURI&quot;:&quot;file:/C:/Workplace/workplace%206dec%202024/6th%20dec%202024/RestAssured/target/test-classes/jsonSchema.json#&quot;,&quot;pointer&quot;:&quot;/items/properties/email&quot;}
    domain: &quot;syntax&quot;
    ignored: [&quot;$id&quot;,&quot;examples&quot;]
warning: the following keywords are unknown and will be ignored: [$id]
    level: &quot;warning&quot;
    schema: {&quot;loadingURI&quot;:&quot;file:/C:/Workplace/workplace%206dec%202024/6th%20dec%202024/RestAssured/target/test-classes/jsonSchema.json#&quot;,&quot;pointer&quot;:&quot;/items/properties/enrolledSubjects&quot;}
    domain: &quot;syntax&quot;
    ignored: [&quot;$id&quot;]
warning: the following keywords are unknown and will be ignored: [$id, examples]
    level: &quot;warning&quot;
    schema: {&quot;loadingURI&quot;:&quot;file:/C:/Workplace/workplace%206dec%202024/6th%20dec%202024/RestAssured/target/test-classes/jsonSchema.json#&quot;,&quot;pointer&quot;:&quot;/items/properties/enrolledSubjects/items&quot;}
    domain: &quot;syntax&quot;
    ignored: [&quot;$id&quot;,&quot;examples&quot;]
warning: the following keywords are unknown and will be ignored: [$id, examples]
    level: &quot;warning&quot;
    schema: {&quot;loadingURI&quot;:&quot;file:/C:/Workplace/workplace%206dec%202024/6th%20dec%202024/RestAssured/target/test-classes/jsonSchema.json#&quot;,&quot;pointer&quot;:&quot;/items/properties/firstName&quot;}
    domain: &quot;syntax&quot;
    ignored: [&quot;$id&quot;,&quot;examples&quot;]
warning: the following keywords are unknown and will be ignored: [$id, examples]
    level: &quot;warning&quot;
    schema: {&quot;loadingURI&quot;:&quot;file:/C:/Workplace/workplace%206dec%202024/6th%20dec%202024/RestAssured/target/test-classes/jsonSchema.json#&quot;,&quot;pointer&quot;:&quot;/items/properties/grade&quot;}
    domain: &quot;syntax&quot;
    ignored: [&quot;$id&quot;,&quot;examples&quot;]
warning: the following keywords are unknown and will be ignored: [$id, examples]
    level: &quot;warning&quot;
    schema: {&quot;loadingURI&quot;:&quot;file:/C:/Workplace/workplace%206dec%202024/6th%20dec%202024/RestAssured/target/test-classes/jsonSchema.json#&quot;,&quot;pointer&quot;:&quot;/items/properties/id&quot;}
    domain: &quot;syntax&quot;
    ignored: [&quot;$id&quot;,&quot;examples&quot;]
warning: the following keywords are unknown and will be ignored: [$id, examples]
    level: &quot;warning&quot;
    schema: {&quot;loadingURI&quot;:&quot;file:/C:/Workplace/workplace%206dec%202024/6th%20dec%202024/RestAssured/target/test-classes/jsonSchema.json#&quot;,&quot;pointer&quot;:&quot;/items/properties/lastName&quot;}
    domain: &quot;syntax&quot;
    ignored: [&quot;$id&quot;,&quot;examples&quot;]
warning: the following keywords are unknown and will be ignored: [$id]
    level: &quot;warning&quot;
    schema: {&quot;loadingURI&quot;:&quot;file:/C:/Workplace/workplace%206dec%202024/6th%20dec%202024/RestAssured/target/test-classes/jsonSchema.json#&quot;,&quot;pointer&quot;:&quot;/items&quot;}
    domain: &quot;syntax&quot;
    ignored: [&quot;$id&quot;]
warning: the following keywords are unknown and will be ignored: [$id, examples]
    level: &quot;warning&quot;
    schema: {&quot;loadingURI&quot;:&quot;file:/C:/Workplace/workplace%206dec%202024/6th%20dec%202024/RestAssured/target/test-classes/jsonSchema.json#&quot;,&quot;pointer&quot;:&quot;/items/properties/age&quot;}
    domain: &quot;syntax&quot;
    ignored: [&quot;$id&quot;,&quot;examples&quot;]
warning: the following keywords are unknown and will be ignored: [$id, examples]
    level: &quot;warning&quot;
    schema: {&quot;loadingURI&quot;:&quot;file:/C:/Workplace/workplace%206dec%202024/6th%20dec%202024/RestAssured/target/test-classes/jsonSchema.json#&quot;,&quot;pointer&quot;:&quot;/items/properties/email&quot;}
    domain: &quot;syntax&quot;
    ignored: [&quot;$id&quot;,&quot;examples&quot;]
warning: the following keywords are unknown and will be ignored: [$id]
    level: &quot;warning&quot;
    schema: {&quot;loadingURI&quot;:&quot;file:/C:/Workplace/workplace%206dec%202024/6th%20dec%202024/RestAssured/target/test-classes/jsonSchema.json#&quot;,&quot;pointer&quot;:&quot;/items/properties/enrolledSubjects&quot;}
    domain: &quot;syntax&quot;
    ignored: [&quot;$id&quot;]
warning: the following keywords are unknown and will be ignored: [$id, examples]
    level: &quot;warning&quot;
    schema: {&quot;loadingURI&quot;:&quot;file:/C:/Workplace/workplace%206dec%202024/6th%20dec%202024/RestAssured/target/test-classes/jsonSchema.json#&quot;,&quot;pointer&quot;:&quot;/items/properties/enrolledSubjects/items&quot;}
    domain: &quot;syntax&quot;
    ignored: [&quot;$id&quot;,&quot;examples&quot;]
warning: the following keywords are unknown and will be ignored: [$id, examples]
    level: &quot;warning&quot;
    schema: {&quot;loadingURI&quot;:&quot;file:/C:/Workplace/workplace%206dec%202024/6th%20dec%202024/RestAssured/target/test-classes/jsonSchema.json#&quot;,&quot;pointer&quot;:&quot;/items/properties/firstName&quot;}
    domain: &quot;syntax&quot;
    ignored: [&quot;$id&quot;,&quot;examples&quot;]
warning: the following keywords are unknown and will be ignored: [$id, examples]
    level: &quot;warning&quot;
    schema: {&quot;loadingURI&quot;:&quot;file:/C:/Workplace/workplace%206dec%202024/6th%20dec%202024/RestAssured/target/test-classes/jsonSchema.json#&quot;,&quot;pointer&quot;:&quot;/items/properties/grade&quot;}
    domain: &quot;syntax&quot;
    ignored: [&quot;$id&quot;,&quot;examples&quot;]
warning: the following keywords are unknown and will be ignored: [$id, examples]
    level: &quot;warning&quot;
    schema: {&quot;loadingURI&quot;:&quot;file:/C:/Workplace/workplace%206dec%202024/6th%20dec%202024/RestAssured/target/test-classes/jsonSchema.json#&quot;,&quot;pointer&quot;:&quot;/items/properties/id&quot;}
    domain: &quot;syntax&quot;
    ignored: [&quot;$id&quot;,&quot;examples&quot;]
warning: the following keywords are unknown and will be ignored: [$id, examples]
    level: &quot;warning&quot;
    schema: {&quot;loadingURI&quot;:&quot;file:/C:/Workplace/workplace%206dec%202024/6th%20dec%202024/RestAssured/target/test-classes/jsonSchema.json#&quot;,&quot;pointer&quot;:&quot;/items/properties/lastName&quot;}
    domain: &quot;syntax&quot;
    ignored: [&quot;$id&quot;,&quot;examples&quot;]
warning: the following keywords are unknown and will be ignored: [$id, examples]
    level: &quot;warning&quot;
    schema: {&quot;loadingURI&quot;:&quot;file:/C:/Workplace/workplace%206dec%202024/6th%20dec%202024/RestAssured/target/test-classes/jsonSchema.json#&quot;,&quot;pointer&quot;:&quot;/items/properties/age&quot;}
    domain: &quot;syntax&quot;
    ignored: [&quot;$id&quot;,&quot;examples&quot;]
warning: the following keywords are unknown and will be ignored: [$id, examples]
    level: &quot;warning&quot;
    schema: {&quot;loadingURI&quot;:&quot;file:/C:/Workplace/workplace%206dec%202024/6th%20dec%202024/RestAssured/target/test-classes/jsonSchema.json#&quot;,&quot;pointer&quot;:&quot;/items/properties/email&quot;}
    domain: &quot;syntax&quot;
    ignored: [&quot;$id&quot;,&quot;examples&quot;]
warning: the following keywords are unknown and will be ignored: [$id]
    level: &quot;warning&quot;
    schema: {&quot;loadingURI&quot;:&quot;file:/C:/Workplace/workplace%206dec%202024/6th%20dec%202024/RestAssured/target/test-classes/jsonSchema.json#&quot;,&quot;pointer&quot;:&quot;/items/properties/enrolledSubjects&quot;}
    domain: &quot;syntax&quot;
    ignored: [&quot;$id&quot;]
warning: the following keywords are unknown and will be ignored: [$id, examples]
    level: &quot;warning&quot;
    schema: {&quot;loadingURI&quot;:&quot;file:/C:/Workplace/workplace%206dec%202024/6th%20dec%202024/RestAssured/target/test-classes/jsonSchema.json#&quot;,&quot;pointer&quot;:&quot;/items/properties/enrolledSubjects/items&quot;}
    domain: &quot;syntax&quot;
    ignored: [&quot;$id&quot;,&quot;examples&quot;]
warning: the following keywords are unknown and will be ignored: [$id, examples]
    level: &quot;warning&quot;
    schema: {&quot;loadingURI&quot;:&quot;file:/C:/Workplace/workplace%206dec%202024/6th%20dec%202024/RestAssured/target/test-classes/jsonSchema.json#&quot;,&quot;pointer&quot;:&quot;/items/properties/enrolledSubjects/items&quot;}
    domain: &quot;syntax&quot;
    ignored: [&quot;$id&quot;,&quot;examples&quot;]
warning: the following keywords are unknown and will be ignored: [$id, examples]
    level: &quot;warning&quot;
    schema: {&quot;loadingURI&quot;:&quot;file:/C:/Workplace/workplace%206dec%202024/6th%20dec%202024/RestAssured/target/test-classes/jsonSchema.json#&quot;,&quot;pointer&quot;:&quot;/items/properties/enrolledSubjects/items&quot;}
    domain: &quot;syntax&quot;
    ignored: [&quot;$id&quot;,&quot;examples&quot;]
warning: the following keywords are unknown and will be ignored: [$id, examples]
    level: &quot;warning&quot;
    schema: {&quot;loadingURI&quot;:&quot;file:/C:/Workplace/workplace%206dec%202024/6th%20dec%202024/RestAssured/target/test-classes/jsonSchema.json#&quot;,&quot;pointer&quot;:&quot;/items/properties/enrolledSubjects/items&quot;}
    domain: &quot;syntax&quot;
    ignored: [&quot;$id&quot;,&quot;examples&quot;]
warning: the following keywords are unknown and will be ignored: [$id, examples]
    level: &quot;warning&quot;
    schema: {&quot;loadingURI&quot;:&quot;file:/C:/Workplace/workplace%206dec%202024/6th%20dec%202024/RestAssured/target/test-classes/jsonSchema.json#&quot;,&quot;pointer&quot;:&quot;/items/properties/firstName&quot;}
    domain: &quot;syntax&quot;
    ignored: [&quot;$id&quot;,&quot;examples&quot;]
warning: the following keywords are unknown and will be ignored: [$id, examples]
    level: &quot;warning&quot;
    schema: {&quot;loadingURI&quot;:&quot;file:/C:/Workplace/workplace%206dec%202024/6th%20dec%202024/RestAssured/target/test-classes/jsonSchema.json#&quot;,&quot;pointer&quot;:&quot;/items/properties/grade&quot;}
    domain: &quot;syntax&quot;
    ignored: [&quot;$id&quot;,&quot;examples&quot;]
warning: the following keywords are unknown and will be ignored: [$id, examples]
    level: &quot;warning&quot;
    schema: {&quot;loadingURI&quot;:&quot;file:/C:/Workplace/workplace%206dec%202024/6th%20dec%202024/RestAssured/target/test-classes/jsonSchema.json#&quot;,&quot;pointer&quot;:&quot;/items/properties/id&quot;}
    domain: &quot;syntax&quot;
    ignored: [&quot;$id&quot;,&quot;examples&quot;]
warning: the following keywords are unknown and will be ignored: [$id, examples]
    level: &quot;warning&quot;
    schema: {&quot;loadingURI&quot;:&quot;file:/C:/Workplace/workplace%206dec%202024/6th%20dec%202024/RestAssured/target/test-classes/jsonSchema.json#&quot;,&quot;pointer&quot;:&quot;/items/properties/lastName&quot;}
    domain: &quot;syntax&quot;
    ignored: [&quot;$id&quot;,&quot;examples&quot;]
warning: the following keywords are unknown and will be ignored: [$id]
    level: &quot;warning&quot;
    schema: {&quot;loadingURI&quot;:&quot;file:/C:/Workplace/workplace%206dec%202024/6th%20dec%202024/RestAssured/target/test-classes/jsonSchema.json#&quot;,&quot;pointer&quot;:&quot;/items&quot;}
    domain: &quot;syntax&quot;
    ignored: [&quot;$id&quot;]
warning: the following keywords are unknown and will be ignored: [$id, examples]
    level: &quot;warning&quot;
    schema: {&quot;loadingURI&quot;:&quot;file:/C:/Workplace/workplace%206dec%202024/6th%20dec%202024/RestAssured/target/test-classes/jsonSchema.json#&quot;,&quot;pointer&quot;:&quot;/items/properties/age&quot;}
    domain: &quot;syntax&quot;
    ignored: [&quot;$id&quot;,&quot;examples&quot;]
warning: the following keywords are unknown and will be ignored: [$id, examples]
    level: &quot;warning&quot;
    schema: {&quot;loadingURI&quot;:&quot;file:/C:/Workplace/workplace%206dec%202024/6th%20dec%202024/RestAssured/target/test-classes/jsonSchema.json#&quot;,&quot;pointer&quot;:&quot;/items/properties/email&quot;}
    domain: &quot;syntax&quot;
    ignored: [&quot;$id&quot;,&quot;examples&quot;]
warning: the following keywords are unknown and will be ignored: [$id]
    level: &quot;warning&quot;
    schema: {&quot;loadingURI&quot;:&quot;file:/C:/Workplace/workplace%206dec%202024/6th%20dec%202024/RestAssured/target/test-classes/jsonSchema.json#&quot;,&quot;pointer&quot;:&quot;/items/properties/enrolledSubjects&quot;}
    domain: &quot;syntax&quot;
    ignored: [&quot;$id&quot;]
warning: the following keywords are unknown and will be ignored: [$id, examples]
    level: &quot;warning&quot;
    schema: {&quot;loadingURI&quot;:&quot;file:/C:/Workplace/workplace%206dec%202024/6th%20dec%202024/RestAssured/target/test-classes/jsonSchema.json#&quot;,&quot;pointer&quot;:&quot;/items/properties/enrolledSubjects/items&quot;}
    domain: &quot;syntax&quot;
    ignored: [&quot;$id&quot;,&quot;examples&quot;]
warning: the following keywords are unknown and will be ignored: [$id, examples]
    level: &quot;warning&quot;
    schema: {&quot;loadingURI&quot;:&quot;file:/C:/Workplace/workplace%206dec%202024/6th%20dec%202024/RestAssured/target/test-classes/jsonSchema.json#&quot;,&quot;pointer&quot;:&quot;/items/properties/firstName&quot;}
    domain: &quot;syntax&quot;
    ignored: [&quot;$id&quot;,&quot;examples&quot;]
warning: the following keywords are unknown and will be ignored: [$id, examples]
    level: &quot;warning&quot;
    schema: {&quot;loadingURI&quot;:&quot;file:/C:/Workplace/workplace%206dec%202024/6th%20dec%202024/RestAssured/target/test-classes/jsonSchema.json#&quot;,&quot;pointer&quot;:&quot;/items/properties/grade&quot;}
    domain: &quot;syntax&quot;
    ignored: [&quot;$id&quot;,&quot;examples&quot;]
warning: the following keywords are unknown and will be ignored: [$id, examples]
    level: &quot;warning&quot;
    schema: {&quot;loadingURI&quot;:&quot;file:/C:/Workplace/workplace%206dec%202024/6th%20dec%202024/RestAssured/target/test-classes/jsonSchema.json#&quot;,&quot;pointer&quot;:&quot;/items/properties/id&quot;}
    domain: &quot;syntax&quot;
    ignored: [&quot;$id&quot;,&quot;examples&quot;]
warning: the following keywords are unknown and will be ignored: [$id, examples]
    level: &quot;warning&quot;
    schema: {&quot;loadingURI&quot;:&quot;file:/C:/Workplace/workplace%206dec%202024/6th%20dec%202024/RestAssured/target/test-classes/jsonSchema.json#&quot;,&quot;pointer&quot;:&quot;/items/properties/lastName&quot;}
    domain: &quot;syntax&quot;
    ignored: [&quot;$id&quot;,&quot;examples&quot;]
warning: the following keywords are unknown and will be ignored: [$id, examples]
    level: &quot;warning&quot;
    schema: {&quot;loadingURI&quot;:&quot;file:/C:/Workplace/workplace%206dec%202024/6th%20dec%202024/RestAssured/target/test-classes/jsonSchema.json#&quot;,&quot;pointer&quot;:&quot;/items/properties/age&quot;}
    domain: &quot;syntax&quot;
    ignored: [&quot;$id&quot;,&quot;examples&quot;]
warning: the following keywords are unknown and will be ignored: [$id, examples]
    level: &quot;warning&quot;
    schema: {&quot;loadingURI&quot;:&quot;file:/C:/Workplace/workplace%206dec%202024/6th%20dec%202024/RestAssured/target/test-classes/jsonSchema.json#&quot;,&quot;pointer&quot;:&quot;/items/properties/email&quot;}
    domain: &quot;syntax&quot;
    ignored: [&quot;$id&quot;,&quot;examples&quot;]
warning: the following keywords are unknown and will be ignored: [$id]
    level: &quot;warning&quot;
    schema: {&quot;loadingURI&quot;:&quot;file:/C:/Workplace/workplace%206dec%202024/6th%20dec%202024/RestAssured/target/test-classes/jsonSchema.json#&quot;,&quot;pointer&quot;:&quot;/items/properties/enrolledSubjects&quot;}
    domain: &quot;syntax&quot;
    ignored: [&quot;$id&quot;]
warning: the following keywords are unknown and will be ignored: [$id, examples]
    level: &quot;warning&quot;
    schema: {&quot;loadingURI&quot;:&quot;file:/C:/Workplace/workplace%206dec%202024/6th%20dec%202024/RestAssured/target/test-classes/jsonSchema.json#&quot;,&quot;pointer&quot;:&quot;/items/properties/enrolledSubjects/items&quot;}
    domain: &quot;syntax&quot;
    ignored: [&quot;$id&quot;,&quot;examples&quot;]
warning: the following keywords are unknown and will be ignored: [$id, examples]
    level: &quot;warning&quot;
    schema: {&quot;loadingURI&quot;:&quot;file:/C:/Workplace/workplace%206dec%202024/6th%20dec%202024/RestAssured/target/test-classes/jsonSchema.json#&quot;,&quot;pointer&quot;:&quot;/items/properties/enrolledSubjects/items&quot;}
    domain: &quot;syntax&quot;
    ignored: [&quot;$id&quot;,&quot;examples&quot;]
warning: the following keywords are unknown and will be ignored: [$id, examples]
    level: &quot;warning&quot;
    schema: {&quot;loadingURI&quot;:&quot;file:/C:/Workplace/workplace%206dec%202024/6th%20dec%202024/RestAssured/target/test-classes/jsonSchema.json#&quot;,&quot;pointer&quot;:&quot;/items/properties/enrolledSubjects/items&quot;}
    domain: &quot;syntax&quot;
    ignored: [&quot;$id&quot;,&quot;examples&quot;]
warning: the following keywords are unknown and will be ignored: [$id, examples]
    level: &quot;warning&quot;
    schema: {&quot;loadingURI&quot;:&quot;file:/C:/Workplace/workplace%206dec%202024/6th%20dec%202024/RestAssured/target/test-classes/jsonSchema.json#&quot;,&quot;pointer&quot;:&quot;/items/properties/enrolledSubjects/items&quot;}
    domain: &quot;syntax&quot;
    ignored: [&quot;$id&quot;,&quot;examples&quot;]
warning: the following keywords are unknown and will be ignored: [$id, examples]
    level: &quot;warning&quot;
    schema: {&quot;loadingURI&quot;:&quot;file:/C:/Workplace/workplace%206dec%202024/6th%20dec%202024/RestAssured/target/test-classes/jsonSchema.json#&quot;,&quot;pointer&quot;:&quot;/items/properties/firstName&quot;}
    domain: &quot;syntax&quot;
    ignored: [&quot;$id&quot;,&quot;examples&quot;]
warning: the following keywords are unknown and will be ignored: [$id, examples]
    level: &quot;warning&quot;
    schema: {&quot;loadingURI&quot;:&quot;file:/C:/Workplace/workplace%206dec%202024/6th%20dec%202024/RestAssured/target/test-classes/jsonSchema.json#&quot;,&quot;pointer&quot;:&quot;/items/properties/grade&quot;}
    domain: &quot;syntax&quot;
    ignored: [&quot;$id&quot;,&quot;examples&quot;]
warning: the following keywords are unknown and will be ignored: [$id, examples]
    level: &quot;warning&quot;
    schema: {&quot;loadingURI&quot;:&quot;file:/C:/Workplace/workplace%206dec%202024/6th%20dec%202024/RestAssured/target/test-classes/jsonSchema.json#&quot;,&quot;pointer&quot;:&quot;/items/properties/id&quot;}
    domain: &quot;syntax&quot;
    ignored: [&quot;$id&quot;,&quot;examples&quot;]
warning: the following keywords are unknown and will be ignored: [$id, examples]
    level: &quot;warning&quot;
    schema: {&quot;loadingURI&quot;:&quot;file:/C:/Workplace/workplace%206dec%202024/6th%20dec%202024/RestAssured/target/test-classes/jsonSchema.json#&quot;,&quot;pointer&quot;:&quot;/items/properties/lastName&quot;}
    domain: &quot;syntax&quot;
    ignored: [&quot;$id&quot;,&quot;examples&quot;]
warning: the following keywords are unknown and will be ignored: [$id]
    level: &quot;warning&quot;
    schema: {&quot;loadingURI&quot;:&quot;file:/C:/Workplace/workplace%206dec%202024/6th%20dec%202024/RestAssured/target/test-classes/jsonSchema.json#&quot;,&quot;pointer&quot;:&quot;/items&quot;}
    domain: &quot;syntax&quot;
    ignored: [&quot;$id&quot;]
warning: the following keywords are unknown and will be ignored: [$id, examples]
    level: &quot;warning&quot;
    schema: {&quot;loadingURI&quot;:&quot;file:/C:/Workplace/workplace%206dec%202024/6th%20dec%202024/RestAssured/target/test-classes/jsonSchema.json#&quot;,&quot;pointer&quot;:&quot;/items/properties/age&quot;}
    domain: &quot;syntax&quot;
    ignored: [&quot;$id&quot;,&quot;examples&quot;]
warning: the following keywords are unknown and will be ignored: [$id, examples]
    level: &quot;warning&quot;
    schema: {&quot;loadingURI&quot;:&quot;file:/C:/Workplace/workplace%206dec%202024/6th%20dec%202024/RestAssured/target/test-classes/jsonSchema.json#&quot;,&quot;pointer&quot;:&quot;/items/properties/email&quot;}
    domain: &quot;syntax&quot;
    ignored: [&quot;$id&quot;,&quot;examples&quot;]
warning: the following keywords are unknown and will be ignored: [$id]
    level: &quot;warning&quot;
    schema: {&quot;loadingURI&quot;:&quot;file:/C:/Workplace/workplace%206dec%202024/6th%20dec%202024/RestAssured/target/test-classes/jsonSchema.json#&quot;,&quot;pointer&quot;:&quot;/items/properties/enrolledSubjects&quot;}
    domain: &quot;syntax&quot;
    ignored: [&quot;$id&quot;]
warning: the following keywords are unknown and will be ignored: [$id, examples]
    level: &quot;warning&quot;
    schema: {&quot;loadingURI&quot;:&quot;file:/C:/Workplace/workplace%206dec%202024/6th%20dec%202024/RestAssured/target/test-classes/jsonSchema.json#&quot;,&quot;pointer&quot;:&quot;/items/properties/enrolledSubjects/items&quot;}
    domain: &quot;syntax&quot;
    ignored: [&quot;$id&quot;,&quot;examples&quot;]
warning: the following keywords are unknown and will be ignored: [$id, examples]
    level: &quot;warning&quot;
    schema: {&quot;loadingURI&quot;:&quot;file:/C:/Workplace/workplace%206dec%202024/6th%20dec%202024/RestAssured/target/test-classes/jsonSchema.json#&quot;,&quot;pointer&quot;:&quot;/items/properties/firstName&quot;}
    domain: &quot;syntax&quot;
    ignored: [&quot;$id&quot;,&quot;examples&quot;]
warning: the following keywords are unknown and will be ignored: [$id, examples]
    level: &quot;warning&quot;
    schema: {&quot;loadingURI&quot;:&quot;file:/C:/Workplace/workplace%206dec%202024/6th%20dec%202024/RestAssured/target/test-classes/jsonSchema.json#&quot;,&quot;pointer&quot;:&quot;/items/properties/grade&quot;}
    domain: &quot;syntax&quot;
    ignored: [&quot;$id&quot;,&quot;examples&quot;]
warning: the following keywords are unknown and will be ignored: [$id, examples]
    level: &quot;warning&quot;
    schema: {&quot;loadingURI&quot;:&quot;file:/C:/Workplace/workplace%206dec%202024/6th%20dec%202024/RestAssured/target/test-classes/jsonSchema.json#&quot;,&quot;pointer&quot;:&quot;/items/properties/id&quot;}
    domain: &quot;syntax&quot;
    ignored: [&quot;$id&quot;,&quot;examples&quot;]
warning: the following keywords are unknown and will be ignored: [$id, examples]
    level: &quot;warning&quot;
    schema: {&quot;loadingURI&quot;:&quot;file:/C:/Workplace/workplace%206dec%202024/6th%20dec%202024/RestAssured/target/test-classes/jsonSchema.json#&quot;,&quot;pointer&quot;:&quot;/items/properties/lastName&quot;}
    domain: &quot;syntax&quot;
    ignored: [&quot;$id&quot;,&quot;examples&quot;]
warning: the following keywords are unknown and will be ignored: [$id, examples]
    level: &quot;warning&quot;
    schema: {&quot;loadingURI&quot;:&quot;file:/C:/Workplace/workplace%206dec%202024/6th%20dec%202024/RestAssured/target/test-classes/jsonSchema.json#&quot;,&quot;pointer&quot;:&quot;/items/properties/age&quot;}
    domain: &quot;syntax&quot;
    ignored: [&quot;$id&quot;,&quot;examples&quot;]
warning: the following keywords are unknown and will be ignored: [$id, examples]
    level: &quot;warning&quot;
    schema: {&quot;loadingURI&quot;:&quot;file:/C:/Workplace/workplace%206dec%202024/6th%20dec%202024/RestAssured/target/test-classes/jsonSchema.json#&quot;,&quot;pointer&quot;:&quot;/items/properties/email&quot;}
    domain: &quot;syntax&quot;
    ignored: [&quot;$id&quot;,&quot;examples&quot;]
warning: the following keywords are unknown and will be ignored: [$id]
    level: &quot;warning&quot;
    schema: {&quot;loadingURI&quot;:&quot;file:/C:/Workplace/workplace%206dec%202024/6th%20dec%202024/RestAssured/target/test-classes/jsonSchema.json#&quot;,&quot;pointer&quot;:&quot;/items/properties/enrolledSubjects&quot;}
    domain: &quot;syntax&quot;
    ignored: [&quot;$id&quot;]
warning: the following keywords are unknown and will be ignored: [$id, examples]
    level: &quot;warning&quot;
    schema: {&quot;loadingURI&quot;:&quot;file:/C:/Workplace/workplace%206dec%202024/6th%20dec%202024/RestAssured/target/test-classes/jsonSchema.json#&quot;,&quot;pointer&quot;:&quot;/items/properties/enrolledSubjects/items&quot;}
    domain: &quot;syntax&quot;
    ignored: [&quot;$id&quot;,&quot;examples&quot;]
warning: the following keywords are unknown and will be ignored: [$id, examples]
    level: &quot;warning&quot;
    schema: {&quot;loadingURI&quot;:&quot;file:/C:/Workplace/workplace%206dec%202024/6th%20dec%202024/RestAssured/target/test-classes/jsonSchema.json#&quot;,&quot;pointer&quot;:&quot;/items/properties/enrolledSubjects/items&quot;}
    domain: &quot;syntax&quot;
    ignored: [&quot;$id&quot;,&quot;examples&quot;]
warning: the following keywords are unknown and will be ignored: [$id, examples]
    level: &quot;warning&quot;
    schema: {&quot;loadingURI&quot;:&quot;file:/C:/Workplace/workplace%206dec%202024/6th%20dec%202024/RestAssured/target/test-classes/jsonSchema.json#&quot;,&quot;pointer&quot;:&quot;/items/properties/enrolledSubjects/items&quot;}
    domain: &quot;syntax&quot;
    ignored: [&quot;$id&quot;,&quot;examples&quot;]
warning: the following keywords are unknown and will be ignored: [$id, examples]
    level: &quot;warning&quot;
    schema: {&quot;loadingURI&quot;:&quot;file:/C:/Workplace/workplace%206dec%202024/6th%20dec%202024/RestAssured/target/test-classes/jsonSchema.json#&quot;,&quot;pointer&quot;:&quot;/items/properties/enrolledSubjects/items&quot;}
    domain: &quot;syntax&quot;
    ignored: [&quot;$id&quot;,&quot;examples&quot;]
warning: the following keywords are unknown and will be ignored: [$id, examples]
    level: &quot;warning&quot;
    schema: {&quot;loadingURI&quot;:&quot;file:/C:/Workplace/workplace%206dec%202024/6th%20dec%202024/RestAssured/target/test-classes/jsonSchema.json#&quot;,&quot;pointer&quot;:&quot;/items/properties/firstName&quot;}
    domain: &quot;syntax&quot;
    ignored: [&quot;$id&quot;,&quot;examples&quot;]
warning: the following keywords are unknown and will be ignored: [$id, examples]
    level: &quot;warning&quot;
    schema: {&quot;loadingURI&quot;:&quot;file:/C:/Workplace/workplace%206dec%202024/6th%20dec%202024/RestAssured/target/test-classes/jsonSchema.json#&quot;,&quot;pointer&quot;:&quot;/items/properties/grade&quot;}
    domain: &quot;syntax&quot;
    ignored: [&quot;$id&quot;,&quot;examples&quot;]
warning: the following keywords are unknown and will be ignored: [$id, examples]
    level: &quot;warning&quot;
    schema: {&quot;loadingURI&quot;:&quot;file:/C:/Workplace/workplace%206dec%202024/6th%20dec%202024/RestAssured/target/test-classes/jsonSchema.json#&quot;,&quot;pointer&quot;:&quot;/items/properties/id&quot;}
    domain: &quot;syntax&quot;
    ignored: [&quot;$id&quot;,&quot;examples&quot;]
warning: the following keywords are unknown and will be ignored: [$id, examples]
    level: &quot;warning&quot;
    schema: {&quot;loadingURI&quot;:&quot;file:/C:/Workplace/workplace%206dec%202024/6th%20dec%202024/RestAssured/target/test-classes/jsonSchema.json#&quot;,&quot;pointer&quot;:&quot;/items/properties/lastName&quot;}
    domain: &quot;syntax&quot;
    ignored: [&quot;$id&quot;,&quot;examples&quot;]
warning: the following keywords are unknown and will be ignored: [$id]
    level: &quot;warning&quot;
    schema: {&quot;loadingURI&quot;:&quot;file:/C:/Workplace/workplace%206dec%202024/6th%20dec%202024/RestAssured/target/test-classes/jsonSchema.json#&quot;,&quot;pointer&quot;:&quot;/items&quot;}
    domain: &quot;syntax&quot;
    ignored: [&quot;$id&quot;]
warning: the following keywords are unknown and will be ignored: [$id, examples]
    level: &quot;warning&quot;
    schema: {&quot;loadingURI&quot;:&quot;file:/C:/Workplace/workplace%206dec%202024/6th%20dec%202024/RestAssured/target/test-classes/jsonSchema.json#&quot;,&quot;pointer&quot;:&quot;/items/properties/age&quot;}
    domain: &quot;syntax&quot;
    ignored: [&quot;$id&quot;,&quot;examples&quot;]
warning: the following keywords are unknown and will be ignored: [$id, examples]
    level: &quot;warning&quot;
    schema: {&quot;loadingURI&quot;:&quot;file:/C:/Workplace/workplace%206dec%202024/6th%20dec%202024/RestAssured/target/test-classes/jsonSchema.json#&quot;,&quot;pointer&quot;:&quot;/items/properties/email&quot;}
    domain: &quot;syntax&quot;
    ignored: [&quot;$id&quot;,&quot;examples&quot;]
warning: the following keywords are unknown and will be ignored: [$id]
    level: &quot;warning&quot;
    schema: {&quot;loadingURI&quot;:&quot;file:/C:/Workplace/workplace%206dec%202024/6th%20dec%202024/RestAssured/target/test-classes/jsonSchema.json#&quot;,&quot;pointer&quot;:&quot;/items/properties/enrolledSubjects&quot;}
    domain: &quot;syntax&quot;
    ignored: [&quot;$id&quot;]
warning: the following keywords are unknown and will be ignored: [$id, examples]
    level: &quot;warning&quot;
    schema: {&quot;loadingURI&quot;:&quot;file:/C:/Workplace/workplace%206dec%202024/6th%20dec%202024/RestAssured/target/test-classes/jsonSchema.json#&quot;,&quot;pointer&quot;:&quot;/items/properties/enrolledSubjects/items&quot;}
    domain: &quot;syntax&quot;
    ignored: [&quot;$id&quot;,&quot;examples&quot;]
warning: the following keywords are unknown and will be ignored: [$id, examples]
    level: &quot;warning&quot;
    schema: {&quot;loadingURI&quot;:&quot;file:/C:/Workplace/workplace%206dec%202024/6th%20dec%202024/RestAssured/target/test-classes/jsonSchema.json#&quot;,&quot;pointer&quot;:&quot;/items/properties/firstName&quot;}
    domain: &quot;syntax&quot;
    ignored: [&quot;$id&quot;,&quot;examples&quot;]
warning: the following keywords are unknown and will be ignored: [$id, examples]
    level: &quot;warning&quot;
    schema: {&quot;loadingURI&quot;:&quot;file:/C:/Workplace/workplace%206dec%202024/6th%20dec%202024/RestAssured/target/test-classes/jsonSchema.json#&quot;,&quot;pointer&quot;:&quot;/items/properties/grade&quot;}
    domain: &quot;syntax&quot;
    ignored: [&quot;$id&quot;,&quot;examples&quot;]
warning: the following keywords are unknown and will be ignored: [$id, examples]
    level: &quot;warning&quot;
    schema: {&quot;loadingURI&quot;:&quot;file:/C:/Workplace/workplace%206dec%202024/6th%20dec%202024/RestAssured/target/test-classes/jsonSchema.json#&quot;,&quot;pointer&quot;:&quot;/items/properties/id&quot;}
    domain: &quot;syntax&quot;
    ignored: [&quot;$id&quot;,&quot;examples&quot;]
warning: the following keywords are unknown and will be ignored: [$id, examples]
    level: &quot;warning&quot;
    schema: {&quot;loadingURI&quot;:&quot;file:/C:/Workplace/workplace%206dec%202024/6th%20dec%202024/RestAssured/target/test-classes/jsonSchema.json#&quot;,&quot;pointer&quot;:&quot;/items/properties/lastName&quot;}
    domain: &quot;syntax&quot;
    ignored: [&quot;$id&quot;,&quot;examples&quot;]
warning: the following keywords are unknown and will be ignored: [$id, examples]
    level: &quot;warning&quot;
    schema: {&quot;loadingURI&quot;:&quot;file:/C:/Workplace/workplace%206dec%202024/6th%20dec%202024/RestAssured/target/test-classes/jsonSchema.json#&quot;,&quot;pointer&quot;:&quot;/items/properties/age&quot;}
    domain: &quot;syntax&quot;
    ignored: [&quot;$id&quot;,&quot;examples&quot;]
warning: the following keywords are unknown and will be ignored: [$id, examples]
    level: &quot;warning&quot;
    schema: {&quot;loadingURI&quot;:&quot;file:/C:/Workplace/workplace%206dec%202024/6th%20dec%202024/RestAssured/target/test-classes/jsonSchema.json#&quot;,&quot;pointer&quot;:&quot;/items/properties/email&quot;}
    domain: &quot;syntax&quot;
    ignored: [&quot;$id&quot;,&quot;examples&quot;]
warning: the following keywords are unknown and will be ignored: [$id]
    level: &quot;warning&quot;
    schema: {&quot;loadingURI&quot;:&quot;file:/C:/Workplace/workplace%206dec%202024/6th%20dec%202024/RestAssured/target/test-classes/jsonSchema.json#&quot;,&quot;pointer&quot;:&quot;/items/properties/enrolledSubjects&quot;}
    domain: &quot;syntax&quot;
    ignored: [&quot;$id&quot;]
warning: the following keywords are unknown and will be ignored: [$id, examples]
    level: &quot;warning&quot;
    schema: {&quot;loadingURI&quot;:&quot;file:/C:/Workplace/workplace%206dec%202024/6th%20dec%202024/RestAssured/target/test-classes/jsonSchema.json#&quot;,&quot;pointer&quot;:&quot;/items/properties/enrolledSubjects/items&quot;}
    domain: &quot;syntax&quot;
    ignored: [&quot;$id&quot;,&quot;examples&quot;]
warning: the following keywords are unknown and will be ignored: [$id, examples]
    level: &quot;warning&quot;
    schema: {&quot;loadingURI&quot;:&quot;file:/C:/Workplace/workplace%206dec%202024/6th%20dec%202024/RestAssured/target/test-classes/jsonSchema.json#&quot;,&quot;pointer&quot;:&quot;/items/properties/enrolledSubjects/items&quot;}
    domain: &quot;syntax&quot;
    ignored: [&quot;$id&quot;,&quot;examples&quot;]
warning: the following keywords are unknown and will be ignored: [$id, examples]
    level: &quot;warning&quot;
    schema: {&quot;loadingURI&quot;:&quot;file:/C:/Workplace/workplace%206dec%202024/6th%20dec%202024/RestAssured/target/test-classes/jsonSchema.json#&quot;,&quot;pointer&quot;:&quot;/items/properties/enrolledSubjects/items&quot;}
    domain: &quot;syntax&quot;
    ignored: [&quot;$id&quot;,&quot;examples&quot;]
warning: the following keywords are unknown and will be ignored: [$id, examples]
    level: &quot;warning&quot;
    schema: {&quot;loadingURI&quot;:&quot;file:/C:/Workplace/workplace%206dec%202024/6th%20dec%202024/RestAssured/target/test-classes/jsonSchema.json#&quot;,&quot;pointer&quot;:&quot;/items/properties/enrolledSubjects/items&quot;}
    domain: &quot;syntax&quot;
    ignored: [&quot;$id&quot;,&quot;examples&quot;]
warning: the following keywords are unknown and will be ignored: [$id, examples]
    level: &quot;warning&quot;
    schema: {&quot;loadingURI&quot;:&quot;file:/C:/Workplace/workplace%206dec%202024/6th%20dec%202024/RestAssured/target/test-classes/jsonSchema.json#&quot;,&quot;pointer&quot;:&quot;/items/properties/firstName&quot;}
    domain: &quot;syntax&quot;
    ignored: [&quot;$id&quot;,&quot;examples&quot;]
warning: the following keywords are unknown and will be ignored: [$id, examples]
    level: &quot;warning&quot;
    schema: {&quot;loadingURI&quot;:&quot;file:/C:/Workplace/workplace%206dec%202024/6th%20dec%202024/RestAssured/target/test-classes/jsonSchema.json#&quot;,&quot;pointer&quot;:&quot;/items/properties/grade&quot;}
    domain: &quot;syntax&quot;
    ignored: [&quot;$id&quot;,&quot;examples&quot;]
warning: the following keywords are unknown and will be ignored: [$id, examples]
    level: &quot;warning&quot;
    schema: {&quot;loadingURI&quot;:&quot;file:/C:/Workplace/workplace%206dec%202024/6th%20dec%202024/RestAssured/target/test-classes/jsonSchema.json#&quot;,&quot;pointer&quot;:&quot;/items/properties/id&quot;}
    domain: &quot;syntax&quot;
    ignored: [&quot;$id&quot;,&quot;examples&quot;]
warning: the following keywords are unknown and will be ignored: [$id, examples]
    level: &quot;warning&quot;
    schema: {&quot;loadingURI&quot;:&quot;file:/C:/Workplace/workplace%206dec%202024/6th%20dec%202024/RestAssured/target/test-classes/jsonSchema.json#&quot;,&quot;pointer&quot;:&quot;/items/properties/lastName&quot;}
    domain: &quot;syntax&quot;
    ignored: [&quot;$id&quot;,&quot;examples&quot;]
warning: the following keywords are unknown and will be ignored: [$id]
    level: &quot;warning&quot;
    schema: {&quot;loadingURI&quot;:&quot;file:/C:/Workplace/workplace%206dec%202024/6th%20dec%202024/RestAssured/target/test-classes/jsonSchema.json#&quot;,&quot;pointer&quot;:&quot;/items&quot;}
    domain: &quot;syntax&quot;
    ignored: [&quot;$id&quot;]
warning: the following keywords are unknown and will be ignored: [$id, examples]
    level: &quot;warning&quot;
    schema: {&quot;loadingURI&quot;:&quot;file:/C:/Workplace/workplace%206dec%202024/6th%20dec%202024/RestAssured/target/test-classes/jsonSchema.json#&quot;,&quot;pointer&quot;:&quot;/items/properties/age&quot;}
    domain: &quot;syntax&quot;
    ignored: [&quot;$id&quot;,&quot;examples&quot;]
warning: the following keywords are unknown and will be ignored: [$id, examples]
    level: &quot;warning&quot;
    schema: {&quot;loadingURI&quot;:&quot;file:/C:/Workplace/workplace%206dec%202024/6th%20dec%202024/RestAssured/target/test-classes/jsonSchema.json#&quot;,&quot;pointer&quot;:&quot;/items/properties/email&quot;}
    domain: &quot;syntax&quot;
    ignored: [&quot;$id&quot;,&quot;examples&quot;]
warning: the following keywords are unknown and will be ignored: [$id]
    level: &quot;warning&quot;
    schema: {&quot;loadingURI&quot;:&quot;file:/C:/Workplace/workplace%206dec%202024/6th%20dec%202024/RestAssured/target/test-classes/jsonSchema.json#&quot;,&quot;pointer&quot;:&quot;/items/properties/enrolledSubjects&quot;}
    domain: &quot;syntax&quot;
    ignored: [&quot;$id&quot;]
warning: the following keywords are unknown and will be ignored: [$id, examples]
    level: &quot;warning&quot;
    schema: {&quot;loadingURI&quot;:&quot;file:/C:/Workplace/workplace%206dec%202024/6th%20dec%202024/RestAssured/target/test-classes/jsonSchema.json#&quot;,&quot;pointer&quot;:&quot;/items/properties/enrolledSubjects/items&quot;}
    domain: &quot;syntax&quot;
    ignored: [&quot;$id&quot;,&quot;examples&quot;]
warning: the following keywords are unknown and will be ignored: [$id, examples]
    level: &quot;warning&quot;
    schema: {&quot;loadingURI&quot;:&quot;file:/C:/Workplace/workplace%206dec%202024/6th%20dec%202024/RestAssured/target/test-classes/jsonSchema.json#&quot;,&quot;pointer&quot;:&quot;/items/properties/firstName&quot;}
    domain: &quot;syntax&quot;
    ignored: [&quot;$id&quot;,&quot;examples&quot;]
warning: the following keywords are unknown and will be ignored: [$id, examples]
    level: &quot;warning&quot;
    schema: {&quot;loadingURI&quot;:&quot;file:/C:/Workplace/workplace%206dec%202024/6th%20dec%202024/RestAssured/target/test-classes/jsonSchema.json#&quot;,&quot;pointer&quot;:&quot;/items/properties/grade&quot;}
    domain: &quot;syntax&quot;
    ignored: [&quot;$id&quot;,&quot;examples&quot;]
warning: the following keywords are unknown and will be ignored: [$id, examples]
    level: &quot;warning&quot;
    schema: {&quot;loadingURI&quot;:&quot;file:/C:/Workplace/workplace%206dec%202024/6th%20dec%202024/RestAssured/target/test-classes/jsonSchema.json#&quot;,&quot;pointer&quot;:&quot;/items/properties/id&quot;}
    domain: &quot;syntax&quot;
    ignored: [&quot;$id&quot;,&quot;examples&quot;]
warning: the following keywords are unknown and will be ignored: [$id, examples]
    level: &quot;warning&quot;
    schema: {&quot;loadingURI&quot;:&quot;file:/C:/Workplace/workplace%206dec%202024/6th%20dec%202024/RestAssured/target/test-classes/jsonSchema.json#&quot;,&quot;pointer&quot;:&quot;/items/properties/lastName&quot;}
    domain: &quot;syntax&quot;
    ignored: [&quot;$id&quot;,&quot;examples&quot;]
warning: the following keywords are unknown and will be ignored: [$id, examples]
    level: &quot;warning&quot;
    schema: {&quot;loadingURI&quot;:&quot;file:/C:/Workplace/workplace%206dec%202024/6th%20dec%202024/RestAssured/target/test-classes/jsonSchema.json#&quot;,&quot;pointer&quot;:&quot;/items/properties/age&quot;}
    domain: &quot;syntax&quot;
    ignored: [&quot;$id&quot;,&quot;examples&quot;]
error: instance type (string) does not match any allowed primitive type (allowed: [&quot;integer&quot;])
    level: &quot;error&quot;
    schema: {&quot;loadingURI&quot;:&quot;file:/C:/Workplace/workplace%206dec%202024/6th%20dec%202024/RestAssured/target/test-classes/jsonSchema.json#&quot;,&quot;pointer&quot;:&quot;/items/properties/age&quot;}
    instance: {&quot;pointer&quot;:&quot;/4/age&quot;}
    domain: &quot;validation&quot;
    keyword: &quot;type&quot;
    found: &quot;string&quot;
    expected: [&quot;integer&quot;]
warning: the following keywords are unknown and will be ignored: [$id, examples]
    level: &quot;warning&quot;
    schema: {&quot;loadingURI&quot;:&quot;file:/C:/Workplace/workplace%206dec%202024/6th%20dec%202024/RestAssured/target/test-classes/jsonSchema.json#&quot;,&quot;pointer&quot;:&quot;/items/properties/email&quot;}
    domain: &quot;syntax&quot;
    ignored: [&quot;$id&quot;,&quot;examples&quot;]
warning: the following keywords are unknown and will be ignored: [$id]
    level: &quot;warning&quot;
    schema: {&quot;loadingURI&quot;:&quot;file:/C:/Workplace/workplace%206dec%202024/6th%20dec%202024/RestAssured/target/test-classes/jsonSchema.json#&quot;,&quot;pointer&quot;:&quot;/items/properties/enrolledSubjects&quot;}
    domain: &quot;syntax&quot;
    ignored: [&quot;$id&quot;]
warning: the following keywords are unknown and will be ignored: [$id, examples]
    level: &quot;warning&quot;
    schema: {&quot;loadingURI&quot;:&quot;file:/C:/Workplace/workplace%206dec%202024/6th%20dec%202024/RestAssured/target/test-classes/jsonSchema.json#&quot;,&quot;pointer&quot;:&quot;/items/properties/enrolledSubjects/items&quot;}
    domain: &quot;syntax&quot;
    ignored: [&quot;$id&quot;,&quot;examples&quot;]
warning: the following keywords are unknown and will be ignored: [$id, examples]
    level: &quot;warning&quot;
    schema: {&quot;loadingURI&quot;:&quot;file:/C:/Workplace/workplace%206dec%202024/6th%20dec%202024/RestAssured/target/test-classes/jsonSchema.json#&quot;,&quot;pointer&quot;:&quot;/items/properties/firstName&quot;}
    domain: &quot;syntax&quot;
    ignored: [&quot;$id&quot;,&quot;examples&quot;]
warning: the following keywords are unknown and will be ignored: [$id, examples]
    level: &quot;warning&quot;
    schema: {&quot;loadingURI&quot;:&quot;file:/C:/Workplace/workplace%206dec%202024/6th%20dec%202024/RestAssured/target/test-classes/jsonSchema.json#&quot;,&quot;pointer&quot;:&quot;/items/properties/grade&quot;}
    domain: &quot;syntax&quot;
    ignored: [&quot;$id&quot;,&quot;examples&quot;]
warning: the following keywords are unknown and will be ignored: [$id, examples]
    level: &quot;warning&quot;
    schema: {&quot;loadingURI&quot;:&quot;file:/C:/Workplace/workplace%206dec%202024/6th%20dec%202024/RestAssured/target/test-classes/jsonSchema.json#&quot;,&quot;pointer&quot;:&quot;/items/properties/id&quot;}
    domain: &quot;syntax&quot;
    ignored: [&quot;$id&quot;,&quot;examples&quot;]
warning: the following keywords are unknown and will be ignored: [$id, examples]
    level: &quot;warning&quot;
    schema: {&quot;loadingURI&quot;:&quot;file:/C:/Workplace/workplace%206dec%202024/6th%20dec%202024/RestAssured/target/test-classes/jsonSchema.json#&quot;,&quot;pointer&quot;:&quot;/items/properties/lastName&quot;}
    domain: &quot;syntax&quot;
    ignored: [&quot;$id&quot;,&quot;examples&quot;]

  Actual: [
  {
    &quot;id&quot;: &quot;1&quot;,
    &quot;firstName&quot;: &quot;Michael&quot;,
    &quot;lastName&quot;: &quot;Taylor&quot;,
    &quot;age&quot;: 16,
    &quot;grade&quot;: &quot;10th&quot;,
    &quot;email&quot;: &quot;michaeltaylor@example.com&quot;,
    &quot;enrolledSubjects&quot;: [
      &quot;Mathematics&quot;,
      &quot;Science&quot;,
      &quot;English&quot;
    ]
  },
  {
    &quot;id&quot;: &quot;2&quot;,
    &quot;firstName&quot;: &quot;Sophia&quot;,
    &quot;lastName&quot;: &quot;Williams&quot;,
    &quot;age&quot;: 15,
    &quot;grade&quot;: &quot;9th&quot;,
    &quot;email&quot;: &quot;sophiawilliams@example.com&quot;,
    &quot;enrolledSubjects&quot;: [
      &quot;History&quot;,
      &quot;Physical Education&quot;,
      &quot;Math&quot;
    ]
  },
  {
    &quot;id&quot;: &quot;4&quot;,
    &quot;firstName&quot;: &quot;Liam&quot;,
    &quot;lastName&quot;: &quot;Davis&quot;,
    &quot;age&quot;: 15,
    &quot;grade&quot;: &quot;9th&quot;,
    &quot;email&quot;: &quot;liamdavis@example.com&quot;,
    &quot;enrolledSubjects&quot;: [
      &quot;Physical Education&quot;,
      &quot;Math&quot;,
      &quot;History&quot;
    ]
  },
  {
    &quot;id&quot;: &quot;5&quot;,
    &quot;firstName&quot;: &quot;Heena&quot;,
    &quot;lastName&quot;: &quot;khan&quot;,
    &quot;grade&quot;: &quot;9th&quot;,
    &quot;enrolledSubjects&quot;: [
      &quot;Physical Education&quot;,
      &quot;Math&quot;,
      &quot;History&quot;
    ],
    &quot;age&quot;: 15,
    &quot;email&quot;: &quot;liamdavis@example.com&quot;
  },
  {
    &quot;id&quot;: &quot;6&quot;,
    &quot;firstName&quot;: &quot;Heena&quot;,
    &quot;lastName&quot;: &quot;khan&quot;,
    &quot;grade&quot;: &quot;9th&quot;,
    &quot;enrolledSubjects&quot;: [
      &quot;Physical Education&quot;,
      &quot;Math&quot;,
      &quot;History&quot;
    ],
    &quot;age&quot;: &quot;15&quot;,
    &quot;email&quot;: &quot;liamdavis@example.com&quot;
  }
]
" type="java.lang.AssertionError">
      <![CDATA[java.lang.AssertionError: 1 expectation failed.
Response body doesn't match expectation.
Expected: The content to match the given JSON schema.
warning: the following keywords are unknown and will be ignored: [$id]
    level: "warning"
    schema: {"loadingURI":"file:/C:/Workplace/workplace%206dec%202024/6th%20dec%202024/RestAssured/target/test-classes/jsonSchema.json#","pointer":""}
    domain: "syntax"
    ignored: ["$id"]
warning: the following keywords are unknown and will be ignored: [$id]
    level: "warning"
    schema: {"loadingURI":"file:/C:/Workplace/workplace%206dec%202024/6th%20dec%202024/RestAssured/target/test-classes/jsonSchema.json#","pointer":"/items"}
    domain: "syntax"
    ignored: ["$id"]
warning: the following keywords are unknown and will be ignored: [$id, examples]
    level: "warning"
    schema: {"loadingURI":"file:/C:/Workplace/workplace%206dec%202024/6th%20dec%202024/RestAssured/target/test-classes/jsonSchema.json#","pointer":"/items/properties/age"}
    domain: "syntax"
    ignored: ["$id","examples"]
warning: the following keywords are unknown and will be ignored: [$id, examples]
    level: "warning"
    schema: {"loadingURI":"file:/C:/Workplace/workplace%206dec%202024/6th%20dec%202024/RestAssured/target/test-classes/jsonSchema.json#","pointer":"/items/properties/email"}
    domain: "syntax"
    ignored: ["$id","examples"]
warning: the following keywords are unknown and will be ignored: [$id]
    level: "warning"
    schema: {"loadingURI":"file:/C:/Workplace/workplace%206dec%202024/6th%20dec%202024/RestAssured/target/test-classes/jsonSchema.json#","pointer":"/items/properties/enrolledSubjects"}
    domain: "syntax"
    ignored: ["$id"]
warning: the following keywords are unknown and will be ignored: [$id, examples]
    level: "warning"
    schema: {"loadingURI":"file:/C:/Workplace/workplace%206dec%202024/6th%20dec%202024/RestAssured/target/test-classes/jsonSchema.json#","pointer":"/items/properties/enrolledSubjects/items"}
    domain: "syntax"
    ignored: ["$id","examples"]
warning: the following keywords are unknown and will be ignored: [$id, examples]
    level: "warning"
    schema: {"loadingURI":"file:/C:/Workplace/workplace%206dec%202024/6th%20dec%202024/RestAssured/target/test-classes/jsonSchema.json#","pointer":"/items/properties/firstName"}
    domain: "syntax"
    ignored: ["$id","examples"]
warning: the following keywords are unknown and will be ignored: [$id, examples]
    level: "warning"
    schema: {"loadingURI":"file:/C:/Workplace/workplace%206dec%202024/6th%20dec%202024/RestAssured/target/test-classes/jsonSchema.json#","pointer":"/items/properties/grade"}
    domain: "syntax"
    ignored: ["$id","examples"]
warning: the following keywords are unknown and will be ignored: [$id, examples]
    level: "warning"
    schema: {"loadingURI":"file:/C:/Workplace/workplace%206dec%202024/6th%20dec%202024/RestAssured/target/test-classes/jsonSchema.json#","pointer":"/items/properties/id"}
    domain: "syntax"
    ignored: ["$id","examples"]
warning: the following keywords are unknown and will be ignored: [$id, examples]
    level: "warning"
    schema: {"loadingURI":"file:/C:/Workplace/workplace%206dec%202024/6th%20dec%202024/RestAssured/target/test-classes/jsonSchema.json#","pointer":"/items/properties/lastName"}
    domain: "syntax"
    ignored: ["$id","examples"]
warning: the following keywords are unknown and will be ignored: [$id]
    level: "warning"
    schema: {"loadingURI":"file:/C:/Workplace/workplace%206dec%202024/6th%20dec%202024/RestAssured/target/test-classes/jsonSchema.json#","pointer":"/items"}
    domain: "syntax"
    ignored: ["$id"]
warning: the following keywords are unknown and will be ignored: [$id, examples]
    level: "warning"
    schema: {"loadingURI":"file:/C:/Workplace/workplace%206dec%202024/6th%20dec%202024/RestAssured/target/test-classes/jsonSchema.json#","pointer":"/items/properties/age"}
    domain: "syntax"
    ignored: ["$id","examples"]
warning: the following keywords are unknown and will be ignored: [$id, examples]
    level: "warning"
    schema: {"loadingURI":"file:/C:/Workplace/workplace%206dec%202024/6th%20dec%202024/RestAssured/target/test-classes/jsonSchema.json#","pointer":"/items/properties/email"}
    domain: "syntax"
    ignored: ["$id","examples"]
warning: the following keywords are unknown and will be ignored: [$id]
    level: "warning"
    schema: {"loadingURI":"file:/C:/Workplace/workplace%206dec%202024/6th%20dec%202024/RestAssured/target/test-classes/jsonSchema.json#","pointer":"/items/properties/enrolledSubjects"}
    domain: "syntax"
    ignored: ["$id"]
warning: the following keywords are unknown and will be ignored: [$id, examples]
    level: "warning"
    schema: {"loadingURI":"file:/C:/Workplace/workplace%206dec%202024/6th%20dec%202024/RestAssured/target/test-classes/jsonSchema.json#","pointer":"/items/properties/enrolledSubjects/items"}
    domain: "syntax"
    ignored: ["$id","examples"]
warning: the following keywords are unknown and will be ignored: [$id, examples]
    level: "warning"
    schema: {"loadingURI":"file:/C:/Workplace/workplace%206dec%202024/6th%20dec%202024/RestAssured/target/test-classes/jsonSchema.json#","pointer":"/items/properties/firstName"}
    domain: "syntax"
    ignored: ["$id","examples"]
warning: the following keywords are unknown and will be ignored: [$id, examples]
    level: "warning"
    schema: {"loadingURI":"file:/C:/Workplace/workplace%206dec%202024/6th%20dec%202024/RestAssured/target/test-classes/jsonSchema.json#","pointer":"/items/properties/grade"}
    domain: "syntax"
    ignored: ["$id","examples"]
warning: the following keywords are unknown and will be ignored: [$id, examples]
    level: "warning"
    schema: {"loadingURI":"file:/C:/Workplace/workplace%206dec%202024/6th%20dec%202024/RestAssured/target/test-classes/jsonSchema.json#","pointer":"/items/properties/id"}
    domain: "syntax"
    ignored: ["$id","examples"]
warning: the following keywords are unknown and will be ignored: [$id, examples]
    level: "warning"
    schema: {"loadingURI":"file:/C:/Workplace/workplace%206dec%202024/6th%20dec%202024/RestAssured/target/test-classes/jsonSchema.json#","pointer":"/items/properties/lastName"}
    domain: "syntax"
    ignored: ["$id","examples"]
warning: the following keywords are unknown and will be ignored: [$id, examples]
    level: "warning"
    schema: {"loadingURI":"file:/C:/Workplace/workplace%206dec%202024/6th%20dec%202024/RestAssured/target/test-classes/jsonSchema.json#","pointer":"/items/properties/age"}
    domain: "syntax"
    ignored: ["$id","examples"]
warning: the following keywords are unknown and will be ignored: [$id, examples]
    level: "warning"
    schema: {"loadingURI":"file:/C:/Workplace/workplace%206dec%202024/6th%20dec%202024/RestAssured/target/test-classes/jsonSchema.json#","pointer":"/items/properties/email"}
    domain: "syntax"
    ignored: ["$id","examples"]
warning: the following keywords are unknown and will be ignored: [$id]
    level: "warning"
    schema: {"loadingURI":"file:/C:/Workplace/workplace%206dec%202024/6th%20dec%202024/RestAssured/target/test-classes/jsonSchema.json#","pointer":"/items/properties/enrolledSubjects"}
    domain: "syntax"
    ignored: ["$id"]
warning: the following keywords are unknown and will be ignored: [$id, examples]
    level: "warning"
    schema: {"loadingURI":"file:/C:/Workplace/workplace%206dec%202024/6th%20dec%202024/RestAssured/target/test-classes/jsonSchema.json#","pointer":"/items/properties/enrolledSubjects/items"}
    domain: "syntax"
    ignored: ["$id","examples"]
warning: the following keywords are unknown and will be ignored: [$id, examples]
    level: "warning"
    schema: {"loadingURI":"file:/C:/Workplace/workplace%206dec%202024/6th%20dec%202024/RestAssured/target/test-classes/jsonSchema.json#","pointer":"/items/properties/enrolledSubjects/items"}
    domain: "syntax"
    ignored: ["$id","examples"]
warning: the following keywords are unknown and will be ignored: [$id, examples]
    level: "warning"
    schema: {"loadingURI":"file:/C:/Workplace/workplace%206dec%202024/6th%20dec%202024/RestAssured/target/test-classes/jsonSchema.json#","pointer":"/items/properties/enrolledSubjects/items"}
    domain: "syntax"
    ignored: ["$id","examples"]
warning: the following keywords are unknown and will be ignored: [$id, examples]
    level: "warning"
    schema: {"loadingURI":"file:/C:/Workplace/workplace%206dec%202024/6th%20dec%202024/RestAssured/target/test-classes/jsonSchema.json#","pointer":"/items/properties/enrolledSubjects/items"}
    domain: "syntax"
    ignored: ["$id","examples"]
warning: the following keywords are unknown and will be ignored: [$id, examples]
    level: "warning"
    schema: {"loadingURI":"file:/C:/Workplace/workplace%206dec%202024/6th%20dec%202024/RestAssured/target/test-classes/jsonSchema.json#","pointer":"/items/properties/firstName"}
    domain: "syntax"
    ignored: ["$id","examples"]
warning: the following keywords are unknown and will be ignored: [$id, examples]
    level: "warning"
    schema: {"loadingURI":"file:/C:/Workplace/workplace%206dec%202024/6th%20dec%202024/RestAssured/target/test-classes/jsonSchema.json#","pointer":"/items/properties/grade"}
    domain: "syntax"
    ignored: ["$id","examples"]
warning: the following keywords are unknown and will be ignored: [$id, examples]
    level: "warning"
    schema: {"loadingURI":"file:/C:/Workplace/workplace%206dec%202024/6th%20dec%202024/RestAssured/target/test-classes/jsonSchema.json#","pointer":"/items/properties/id"}
    domain: "syntax"
    ignored: ["$id","examples"]
warning: the following keywords are unknown and will be ignored: [$id, examples]
    level: "warning"
    schema: {"loadingURI":"file:/C:/Workplace/workplace%206dec%202024/6th%20dec%202024/RestAssured/target/test-classes/jsonSchema.json#","pointer":"/items/properties/lastName"}
    domain: "syntax"
    ignored: ["$id","examples"]
warning: the following keywords are unknown and will be ignored: [$id]
    level: "warning"
    schema: {"loadingURI":"file:/C:/Workplace/workplace%206dec%202024/6th%20dec%202024/RestAssured/target/test-classes/jsonSchema.json#","pointer":"/items"}
    domain: "syntax"
    ignored: ["$id"]
warning: the following keywords are unknown and will be ignored: [$id, examples]
    level: "warning"
    schema: {"loadingURI":"file:/C:/Workplace/workplace%206dec%202024/6th%20dec%202024/RestAssured/target/test-classes/jsonSchema.json#","pointer":"/items/properties/age"}
    domain: "syntax"
    ignored: ["$id","examples"]
warning: the following keywords are unknown and will be ignored: [$id, examples]
    level: "warning"
    schema: {"loadingURI":"file:/C:/Workplace/workplace%206dec%202024/6th%20dec%202024/RestAssured/target/test-classes/jsonSchema.json#","pointer":"/items/properties/email"}
    domain: "syntax"
    ignored: ["$id","examples"]
warning: the following keywords are unknown and will be ignored: [$id]
    level: "warning"
    schema: {"loadingURI":"file:/C:/Workplace/workplace%206dec%202024/6th%20dec%202024/RestAssured/target/test-classes/jsonSchema.json#","pointer":"/items/properties/enrolledSubjects"}
    domain: "syntax"
    ignored: ["$id"]
warning: the following keywords are unknown and will be ignored: [$id, examples]
    level: "warning"
    schema: {"loadingURI":"file:/C:/Workplace/workplace%206dec%202024/6th%20dec%202024/RestAssured/target/test-classes/jsonSchema.json#","pointer":"/items/properties/enrolledSubjects/items"}
    domain: "syntax"
    ignored: ["$id","examples"]
warning: the following keywords are unknown and will be ignored: [$id, examples]
    level: "warning"
    schema: {"loadingURI":"file:/C:/Workplace/workplace%206dec%202024/6th%20dec%202024/RestAssured/target/test-classes/jsonSchema.json#","pointer":"/items/properties/firstName"}
    domain: "syntax"
    ignored: ["$id","examples"]
warning: the following keywords are unknown and will be ignored: [$id, examples]
    level: "warning"
    schema: {"loadingURI":"file:/C:/Workplace/workplace%206dec%202024/6th%20dec%202024/RestAssured/target/test-classes/jsonSchema.json#","pointer":"/items/properties/grade"}
    domain: "syntax"
    ignored: ["$id","examples"]
warning: the following keywords are unknown and will be ignored: [$id, examples]
    level: "warning"
    schema: {"loadingURI":"file:/C:/Workplace/workplace%206dec%202024/6th%20dec%202024/RestAssured/target/test-classes/jsonSchema.json#","pointer":"/items/properties/id"}
    domain: "syntax"
    ignored: ["$id","examples"]
warning: the following keywords are unknown and will be ignored: [$id, examples]
    level: "warning"
    schema: {"loadingURI":"file:/C:/Workplace/workplace%206dec%202024/6th%20dec%202024/RestAssured/target/test-classes/jsonSchema.json#","pointer":"/items/properties/lastName"}
    domain: "syntax"
    ignored: ["$id","examples"]
warning: the following keywords are unknown and will be ignored: [$id, examples]
    level: "warning"
    schema: {"loadingURI":"file:/C:/Workplace/workplace%206dec%202024/6th%20dec%202024/RestAssured/target/test-classes/jsonSchema.json#","pointer":"/items/properties/age"}
    domain: "syntax"
    ignored: ["$id","examples"]
warning: the following keywords are unknown and will be ignored: [$id, examples]
    level: "warning"
    schema: {"loadingURI":"file:/C:/Workplace/workplace%206dec%202024/6th%20dec%202024/RestAssured/target/test-classes/jsonSchema.json#","pointer":"/items/properties/email"}
    domain: "syntax"
    ignored: ["$id","examples"]
warning: the following keywords are unknown and will be ignored: [$id]
    level: "warning"
    schema: {"loadingURI":"file:/C:/Workplace/workplace%206dec%202024/6th%20dec%202024/RestAssured/target/test-classes/jsonSchema.json#","pointer":"/items/properties/enrolledSubjects"}
    domain: "syntax"
    ignored: ["$id"]
warning: the following keywords are unknown and will be ignored: [$id, examples]
    level: "warning"
    schema: {"loadingURI":"file:/C:/Workplace/workplace%206dec%202024/6th%20dec%202024/RestAssured/target/test-classes/jsonSchema.json#","pointer":"/items/properties/enrolledSubjects/items"}
    domain: "syntax"
    ignored: ["$id","examples"]
warning: the following keywords are unknown and will be ignored: [$id, examples]
    level: "warning"
    schema: {"loadingURI":"file:/C:/Workplace/workplace%206dec%202024/6th%20dec%202024/RestAssured/target/test-classes/jsonSchema.json#","pointer":"/items/properties/enrolledSubjects/items"}
    domain: "syntax"
    ignored: ["$id","examples"]
warning: the following keywords are unknown and will be ignored: [$id, examples]
    level: "warning"
    schema: {"loadingURI":"file:/C:/Workplace/workplace%206dec%202024/6th%20dec%202024/RestAssured/target/test-classes/jsonSchema.json#","pointer":"/items/properties/enrolledSubjects/items"}
    domain: "syntax"
    ignored: ["$id","examples"]
warning: the following keywords are unknown and will be ignored: [$id, examples]
    level: "warning"
    schema: {"loadingURI":"file:/C:/Workplace/workplace%206dec%202024/6th%20dec%202024/RestAssured/target/test-classes/jsonSchema.json#","pointer":"/items/properties/enrolledSubjects/items"}
    domain: "syntax"
    ignored: ["$id","examples"]
warning: the following keywords are unknown and will be ignored: [$id, examples]
    level: "warning"
    schema: {"loadingURI":"file:/C:/Workplace/workplace%206dec%202024/6th%20dec%202024/RestAssured/target/test-classes/jsonSchema.json#","pointer":"/items/properties/firstName"}
    domain: "syntax"
    ignored: ["$id","examples"]
warning: the following keywords are unknown and will be ignored: [$id, examples]
    level: "warning"
    schema: {"loadingURI":"file:/C:/Workplace/workplace%206dec%202024/6th%20dec%202024/RestAssured/target/test-classes/jsonSchema.json#","pointer":"/items/properties/grade"}
    domain: "syntax"
    ignored: ["$id","examples"]
warning: the following keywords are unknown and will be ignored: [$id, examples]
    level: "warning"
    schema: {"loadingURI":"file:/C:/Workplace/workplace%206dec%202024/6th%20dec%202024/RestAssured/target/test-classes/jsonSchema.json#","pointer":"/items/properties/id"}
    domain: "syntax"
    ignored: ["$id","examples"]
warning: the following keywords are unknown and will be ignored: [$id, examples]
    level: "warning"
    schema: {"loadingURI":"file:/C:/Workplace/workplace%206dec%202024/6th%20dec%202024/RestAssured/target/test-classes/jsonSchema.json#","pointer":"/items/properties/lastName"}
    domain: "syntax"
    ignored: ["$id","examples"]
warning: the following keywords are unknown and will be ignored: [$id]
    level: "warning"
    schema: {"loadingURI":"file:/C:/Workplace/workplace%206dec%202024/6th%20dec%202024/RestAssured/target/test-classes/jsonSchema.json#","pointer":"/items"}
    domain: "syntax"
    ignored: ["$id"]
warning: the following keywords are unknown and will be ignored: [$id, examples]
    level: "warning"
    schema: {"loadingURI":"file:/C:/Workplace/workplace%206dec%202024/6th%20dec%202024/RestAssured/target/test-classes/jsonSchema.json#","pointer":"/items/properties/age"}
    domain: "syntax"
    ignored: ["$id","examples"]
warning: the following keywords are unknown and will be ignored: [$id, examples]
    level: "warning"
    schema: {"loadingURI":"file:/C:/Workplace/workplace%206dec%202024/6th%20dec%202024/RestAssured/target/test-classes/jsonSchema.json#","pointer":"/items/properties/email"}
    domain: "syntax"
    ignored: ["$id","examples"]
warning: the following keywords are unknown and will be ignored: [$id]
    level: "warning"
    schema: {"loadingURI":"file:/C:/Workplace/workplace%206dec%202024/6th%20dec%202024/RestAssured/target/test-classes/jsonSchema.json#","pointer":"/items/properties/enrolledSubjects"}
    domain: "syntax"
    ignored: ["$id"]
warning: the following keywords are unknown and will be ignored: [$id, examples]
    level: "warning"
    schema: {"loadingURI":"file:/C:/Workplace/workplace%206dec%202024/6th%20dec%202024/RestAssured/target/test-classes/jsonSchema.json#","pointer":"/items/properties/enrolledSubjects/items"}
    domain: "syntax"
    ignored: ["$id","examples"]
warning: the following keywords are unknown and will be ignored: [$id, examples]
    level: "warning"
    schema: {"loadingURI":"file:/C:/Workplace/workplace%206dec%202024/6th%20dec%202024/RestAssured/target/test-classes/jsonSchema.json#","pointer":"/items/properties/firstName"}
    domain: "syntax"
    ignored: ["$id","examples"]
warning: the following keywords are unknown and will be ignored: [$id, examples]
    level: "warning"
    schema: {"loadingURI":"file:/C:/Workplace/workplace%206dec%202024/6th%20dec%202024/RestAssured/target/test-classes/jsonSchema.json#","pointer":"/items/properties/grade"}
    domain: "syntax"
    ignored: ["$id","examples"]
warning: the following keywords are unknown and will be ignored: [$id, examples]
    level: "warning"
    schema: {"loadingURI":"file:/C:/Workplace/workplace%206dec%202024/6th%20dec%202024/RestAssured/target/test-classes/jsonSchema.json#","pointer":"/items/properties/id"}
    domain: "syntax"
    ignored: ["$id","examples"]
warning: the following keywords are unknown and will be ignored: [$id, examples]
    level: "warning"
    schema: {"loadingURI":"file:/C:/Workplace/workplace%206dec%202024/6th%20dec%202024/RestAssured/target/test-classes/jsonSchema.json#","pointer":"/items/properties/lastName"}
    domain: "syntax"
    ignored: ["$id","examples"]
warning: the following keywords are unknown and will be ignored: [$id, examples]
    level: "warning"
    schema: {"loadingURI":"file:/C:/Workplace/workplace%206dec%202024/6th%20dec%202024/RestAssured/target/test-classes/jsonSchema.json#","pointer":"/items/properties/age"}
    domain: "syntax"
    ignored: ["$id","examples"]
warning: the following keywords are unknown and will be ignored: [$id, examples]
    level: "warning"
    schema: {"loadingURI":"file:/C:/Workplace/workplace%206dec%202024/6th%20dec%202024/RestAssured/target/test-classes/jsonSchema.json#","pointer":"/items/properties/email"}
    domain: "syntax"
    ignored: ["$id","examples"]
warning: the following keywords are unknown and will be ignored: [$id]
    level: "warning"
    schema: {"loadingURI":"file:/C:/Workplace/workplace%206dec%202024/6th%20dec%202024/RestAssured/target/test-classes/jsonSchema.json#","pointer":"/items/properties/enrolledSubjects"}
    domain: "syntax"
    ignored: ["$id"]
warning: the following keywords are unknown and will be ignored: [$id, examples]
    level: "warning"
    schema: {"loadingURI":"file:/C:/Workplace/workplace%206dec%202024/6th%20dec%202024/RestAssured/target/test-classes/jsonSchema.json#","pointer":"/items/properties/enrolledSubjects/items"}
    domain: "syntax"
    ignored: ["$id","examples"]
warning: the following keywords are unknown and will be ignored: [$id, examples]
    level: "warning"
    schema: {"loadingURI":"file:/C:/Workplace/workplace%206dec%202024/6th%20dec%202024/RestAssured/target/test-classes/jsonSchema.json#","pointer":"/items/properties/enrolledSubjects/items"}
    domain: "syntax"
    ignored: ["$id","examples"]
warning: the following keywords are unknown and will be ignored: [$id, examples]
    level: "warning"
    schema: {"loadingURI":"file:/C:/Workplace/workplace%206dec%202024/6th%20dec%202024/RestAssured/target/test-classes/jsonSchema.json#","pointer":"/items/properties/enrolledSubjects/items"}
    domain: "syntax"
    ignored: ["$id","examples"]
warning: the following keywords are unknown and will be ignored: [$id, examples]
    level: "warning"
    schema: {"loadingURI":"file:/C:/Workplace/workplace%206dec%202024/6th%20dec%202024/RestAssured/target/test-classes/jsonSchema.json#","pointer":"/items/properties/enrolledSubjects/items"}
    domain: "syntax"
    ignored: ["$id","examples"]
warning: the following keywords are unknown and will be ignored: [$id, examples]
    level: "warning"
    schema: {"loadingURI":"file:/C:/Workplace/workplace%206dec%202024/6th%20dec%202024/RestAssured/target/test-classes/jsonSchema.json#","pointer":"/items/properties/firstName"}
    domain: "syntax"
    ignored: ["$id","examples"]
warning: the following keywords are unknown and will be ignored: [$id, examples]
    level: "warning"
    schema: {"loadingURI":"file:/C:/Workplace/workplace%206dec%202024/6th%20dec%202024/RestAssured/target/test-classes/jsonSchema.json#","pointer":"/items/properties/grade"}
    domain: "syntax"
    ignored: ["$id","examples"]
warning: the following keywords are unknown and will be ignored: [$id, examples]
    level: "warning"
    schema: {"loadingURI":"file:/C:/Workplace/workplace%206dec%202024/6th%20dec%202024/RestAssured/target/test-classes/jsonSchema.json#","pointer":"/items/properties/id"}
    domain: "syntax"
    ignored: ["$id","examples"]
warning: the following keywords are unknown and will be ignored: [$id, examples]
    level: "warning"
    schema: {"loadingURI":"file:/C:/Workplace/workplace%206dec%202024/6th%20dec%202024/RestAssured/target/test-classes/jsonSchema.json#","pointer":"/items/properties/lastName"}
    domain: "syntax"
    ignored: ["$id","examples"]
warning: the following keywords are unknown and will be ignored: [$id]
    level: "warning"
    schema: {"loadingURI":"file:/C:/Workplace/workplace%206dec%202024/6th%20dec%202024/RestAssured/target/test-classes/jsonSchema.json#","pointer":"/items"}
    domain: "syntax"
    ignored: ["$id"]
warning: the following keywords are unknown and will be ignored: [$id, examples]
    level: "warning"
    schema: {"loadingURI":"file:/C:/Workplace/workplace%206dec%202024/6th%20dec%202024/RestAssured/target/test-classes/jsonSchema.json#","pointer":"/items/properties/age"}
    domain: "syntax"
    ignored: ["$id","examples"]
warning: the following keywords are unknown and will be ignored: [$id, examples]
    level: "warning"
    schema: {"loadingURI":"file:/C:/Workplace/workplace%206dec%202024/6th%20dec%202024/RestAssured/target/test-classes/jsonSchema.json#","pointer":"/items/properties/email"}
    domain: "syntax"
    ignored: ["$id","examples"]
warning: the following keywords are unknown and will be ignored: [$id]
    level: "warning"
    schema: {"loadingURI":"file:/C:/Workplace/workplace%206dec%202024/6th%20dec%202024/RestAssured/target/test-classes/jsonSchema.json#","pointer":"/items/properties/enrolledSubjects"}
    domain: "syntax"
    ignored: ["$id"]
warning: the following keywords are unknown and will be ignored: [$id, examples]
    level: "warning"
    schema: {"loadingURI":"file:/C:/Workplace/workplace%206dec%202024/6th%20dec%202024/RestAssured/target/test-classes/jsonSchema.json#","pointer":"/items/properties/enrolledSubjects/items"}
    domain: "syntax"
    ignored: ["$id","examples"]
warning: the following keywords are unknown and will be ignored: [$id, examples]
    level: "warning"
    schema: {"loadingURI":"file:/C:/Workplace/workplace%206dec%202024/6th%20dec%202024/RestAssured/target/test-classes/jsonSchema.json#","pointer":"/items/properties/firstName"}
    domain: "syntax"
    ignored: ["$id","examples"]
warning: the following keywords are unknown and will be ignored: [$id, examples]
    level: "warning"
    schema: {"loadingURI":"file:/C:/Workplace/workplace%206dec%202024/6th%20dec%202024/RestAssured/target/test-classes/jsonSchema.json#","pointer":"/items/properties/grade"}
    domain: "syntax"
    ignored: ["$id","examples"]
warning: the following keywords are unknown and will be ignored: [$id, examples]
    level: "warning"
    schema: {"loadingURI":"file:/C:/Workplace/workplace%206dec%202024/6th%20dec%202024/RestAssured/target/test-classes/jsonSchema.json#","pointer":"/items/properties/id"}
    domain: "syntax"
    ignored: ["$id","examples"]
warning: the following keywords are unknown and will be ignored: [$id, examples]
    level: "warning"
    schema: {"loadingURI":"file:/C:/Workplace/workplace%206dec%202024/6th%20dec%202024/RestAssured/target/test-classes/jsonSchema.json#","pointer":"/items/properties/lastName"}
    domain: "syntax"
    ignored: ["$id","examples"]
warning: the following keywords are unknown and will be ignored: [$id, examples]
    level: "warning"
    schema: {"loadingURI":"file:/C:/Workplace/workplace%206dec%202024/6th%20dec%202024/RestAssured/target/test-classes/jsonSchema.json#","pointer":"/items/properties/age"}
    domain: "syntax"
    ignored: ["$id","examples"]
warning: the following keywords are unknown and will be ignored: [$id, examples]
    level: "warning"
    schema: {"loadingURI":"file:/C:/Workplace/workplace%206dec%202024/6th%20dec%202024/RestAssured/target/test-classes/jsonSchema.json#","pointer":"/items/properties/email"}
    domain: "syntax"
    ignored: ["$id","examples"]
warning: the following keywords are unknown and will be ignored: [$id]
    level: "warning"
    schema: {"loadingURI":"file:/C:/Workplace/workplace%206dec%202024/6th%20dec%202024/RestAssured/target/test-classes/jsonSchema.json#","pointer":"/items/properties/enrolledSubjects"}
    domain: "syntax"
    ignored: ["$id"]
warning: the following keywords are unknown and will be ignored: [$id, examples]
    level: "warning"
    schema: {"loadingURI":"file:/C:/Workplace/workplace%206dec%202024/6th%20dec%202024/RestAssured/target/test-classes/jsonSchema.json#","pointer":"/items/properties/enrolledSubjects/items"}
    domain: "syntax"
    ignored: ["$id","examples"]
warning: the following keywords are unknown and will be ignored: [$id, examples]
    level: "warning"
    schema: {"loadingURI":"file:/C:/Workplace/workplace%206dec%202024/6th%20dec%202024/RestAssured/target/test-classes/jsonSchema.json#","pointer":"/items/properties/enrolledSubjects/items"}
    domain: "syntax"
    ignored: ["$id","examples"]
warning: the following keywords are unknown and will be ignored: [$id, examples]
    level: "warning"
    schema: {"loadingURI":"file:/C:/Workplace/workplace%206dec%202024/6th%20dec%202024/RestAssured/target/test-classes/jsonSchema.json#","pointer":"/items/properties/enrolledSubjects/items"}
    domain: "syntax"
    ignored: ["$id","examples"]
warning: the following keywords are unknown and will be ignored: [$id, examples]
    level: "warning"
    schema: {"loadingURI":"file:/C:/Workplace/workplace%206dec%202024/6th%20dec%202024/RestAssured/target/test-classes/jsonSchema.json#","pointer":"/items/properties/enrolledSubjects/items"}
    domain: "syntax"
    ignored: ["$id","examples"]
warning: the following keywords are unknown and will be ignored: [$id, examples]
    level: "warning"
    schema: {"loadingURI":"file:/C:/Workplace/workplace%206dec%202024/6th%20dec%202024/RestAssured/target/test-classes/jsonSchema.json#","pointer":"/items/properties/firstName"}
    domain: "syntax"
    ignored: ["$id","examples"]
warning: the following keywords are unknown and will be ignored: [$id, examples]
    level: "warning"
    schema: {"loadingURI":"file:/C:/Workplace/workplace%206dec%202024/6th%20dec%202024/RestAssured/target/test-classes/jsonSchema.json#","pointer":"/items/properties/grade"}
    domain: "syntax"
    ignored: ["$id","examples"]
warning: the following keywords are unknown and will be ignored: [$id, examples]
    level: "warning"
    schema: {"loadingURI":"file:/C:/Workplace/workplace%206dec%202024/6th%20dec%202024/RestAssured/target/test-classes/jsonSchema.json#","pointer":"/items/properties/id"}
    domain: "syntax"
    ignored: ["$id","examples"]
warning: the following keywords are unknown and will be ignored: [$id, examples]
    level: "warning"
    schema: {"loadingURI":"file:/C:/Workplace/workplace%206dec%202024/6th%20dec%202024/RestAssured/target/test-classes/jsonSchema.json#","pointer":"/items/properties/lastName"}
    domain: "syntax"
    ignored: ["$id","examples"]
warning: the following keywords are unknown and will be ignored: [$id]
    level: "warning"
    schema: {"loadingURI":"file:/C:/Workplace/workplace%206dec%202024/6th%20dec%202024/RestAssured/target/test-classes/jsonSchema.json#","pointer":"/items"}
    domain: "syntax"
    ignored: ["$id"]
warning: the following keywords are unknown and will be ignored: [$id, examples]
    level: "warning"
    schema: {"loadingURI":"file:/C:/Workplace/workplace%206dec%202024/6th%20dec%202024/RestAssured/target/test-classes/jsonSchema.json#","pointer":"/items/properties/age"}
    domain: "syntax"
    ignored: ["$id","examples"]
warning: the following keywords are unknown and will be ignored: [$id, examples]
    level: "warning"
    schema: {"loadingURI":"file:/C:/Workplace/workplace%206dec%202024/6th%20dec%202024/RestAssured/target/test-classes/jsonSchema.json#","pointer":"/items/properties/email"}
    domain: "syntax"
    ignored: ["$id","examples"]
warning: the following keywords are unknown and will be ignored: [$id]
    level: "warning"
    schema: {"loadingURI":"file:/C:/Workplace/workplace%206dec%202024/6th%20dec%202024/RestAssured/target/test-classes/jsonSchema.json#","pointer":"/items/properties/enrolledSubjects"}
    domain: "syntax"
    ignored: ["$id"]
warning: the following keywords are unknown and will be ignored: [$id, examples]
    level: "warning"
    schema: {"loadingURI":"file:/C:/Workplace/workplace%206dec%202024/6th%20dec%202024/RestAssured/target/test-classes/jsonSchema.json#","pointer":"/items/properties/enrolledSubjects/items"}
    domain: "syntax"
    ignored: ["$id","examples"]
warning: the following keywords are unknown and will be ignored: [$id, examples]
    level: "warning"
    schema: {"loadingURI":"file:/C:/Workplace/workplace%206dec%202024/6th%20dec%202024/RestAssured/target/test-classes/jsonSchema.json#","pointer":"/items/properties/firstName"}
    domain: "syntax"
    ignored: ["$id","examples"]
warning: the following keywords are unknown and will be ignored: [$id, examples]
    level: "warning"
    schema: {"loadingURI":"file:/C:/Workplace/workplace%206dec%202024/6th%20dec%202024/RestAssured/target/test-classes/jsonSchema.json#","pointer":"/items/properties/grade"}
    domain: "syntax"
    ignored: ["$id","examples"]
warning: the following keywords are unknown and will be ignored: [$id, examples]
    level: "warning"
    schema: {"loadingURI":"file:/C:/Workplace/workplace%206dec%202024/6th%20dec%202024/RestAssured/target/test-classes/jsonSchema.json#","pointer":"/items/properties/id"}
    domain: "syntax"
    ignored: ["$id","examples"]
warning: the following keywords are unknown and will be ignored: [$id, examples]
    level: "warning"
    schema: {"loadingURI":"file:/C:/Workplace/workplace%206dec%202024/6th%20dec%202024/RestAssured/target/test-classes/jsonSchema.json#","pointer":"/items/properties/lastName"}
    domain: "syntax"
    ignored: ["$id","examples"]
warning: the following keywords are unknown and will be ignored: [$id, examples]
    level: "warning"
    schema: {"loadingURI":"file:/C:/Workplace/workplace%206dec%202024/6th%20dec%202024/RestAssured/target/test-classes/jsonSchema.json#","pointer":"/items/properties/age"}
    domain: "syntax"
    ignored: ["$id","examples"]
error: instance type (string) does not match any allowed primitive type (allowed: ["integer"])
    level: "error"
    schema: {"loadingURI":"file:/C:/Workplace/workplace%206dec%202024/6th%20dec%202024/RestAssured/target/test-classes/jsonSchema.json#","pointer":"/items/properties/age"}
    instance: {"pointer":"/4/age"}
    domain: "validation"
    keyword: "type"
    found: "string"
    expected: ["integer"]
warning: the following keywords are unknown and will be ignored: [$id, examples]
    level: "warning"
    schema: {"loadingURI":"file:/C:/Workplace/workplace%206dec%202024/6th%20dec%202024/RestAssured/target/test-classes/jsonSchema.json#","pointer":"/items/properties/email"}
    domain: "syntax"
    ignored: ["$id","examples"]
warning: the following keywords are unknown and will be ignored: [$id]
    level: "warning"
    schema: {"loadingURI":"file:/C:/Workplace/workplace%206dec%202024/6th%20dec%202024/RestAssured/target/test-classes/jsonSchema.json#","pointer":"/items/properties/enrolledSubjects"}
    domain: "syntax"
    ignored: ["$id"]
warning: the following keywords are unknown and will be ignored: [$id, examples]
    level: "warning"
    schema: {"loadingURI":"file:/C:/Workplace/workplace%206dec%202024/6th%20dec%202024/RestAssured/target/test-classes/jsonSchema.json#","pointer":"/items/properties/enrolledSubjects/items"}
    domain: "syntax"
    ignored: ["$id","examples"]
warning: the following keywords are unknown and will be ignored: [$id, examples]
    level: "warning"
    schema: {"loadingURI":"file:/C:/Workplace/workplace%206dec%202024/6th%20dec%202024/RestAssured/target/test-classes/jsonSchema.json#","pointer":"/items/properties/firstName"}
    domain: "syntax"
    ignored: ["$id","examples"]
warning: the following keywords are unknown and will be ignored: [$id, examples]
    level: "warning"
    schema: {"loadingURI":"file:/C:/Workplace/workplace%206dec%202024/6th%20dec%202024/RestAssured/target/test-classes/jsonSchema.json#","pointer":"/items/properties/grade"}
    domain: "syntax"
    ignored: ["$id","examples"]
warning: the following keywords are unknown and will be ignored: [$id, examples]
    level: "warning"
    schema: {"loadingURI":"file:/C:/Workplace/workplace%206dec%202024/6th%20dec%202024/RestAssured/target/test-classes/jsonSchema.json#","pointer":"/items/properties/id"}
    domain: "syntax"
    ignored: ["$id","examples"]
warning: the following keywords are unknown and will be ignored: [$id, examples]
    level: "warning"
    schema: {"loadingURI":"file:/C:/Workplace/workplace%206dec%202024/6th%20dec%202024/RestAssured/target/test-classes/jsonSchema.json#","pointer":"/items/properties/lastName"}
    domain: "syntax"
    ignored: ["$id","examples"]

  Actual: [
  {
    "id": "1",
    "firstName": "Michael",
    "lastName": "Taylor",
    "age": 16,
    "grade": "10th",
    "email": "michaeltaylor@example.com",
    "enrolledSubjects": [
      "Mathematics",
      "Science",
      "English"
    ]
  },
  {
    "id": "2",
    "firstName": "Sophia",
    "lastName": "Williams",
    "age": 15,
    "grade": "9th",
    "email": "sophiawilliams@example.com",
    "enrolledSubjects": [
      "History",
      "Physical Education",
      "Math"
    ]
  },
  {
    "id": "4",
    "firstName": "Liam",
    "lastName": "Davis",
    "age": 15,
    "grade": "9th",
    "email": "liamdavis@example.com",
    "enrolledSubjects": [
      "Physical Education",
      "Math",
      "History"
    ]
  },
  {
    "id": "5",
    "firstName": "Heena",
    "lastName": "khan",
    "grade": "9th",
    "enrolledSubjects": [
      "Physical Education",
      "Math",
      "History"
    ],
    "age": 15,
    "email": "liamdavis@example.com"
  },
  {
    "id": "6",
    "firstName": "Heena",
    "lastName": "khan",
    "grade": "9th",
    "enrolledSubjects": [
      "Physical Education",
      "Math",
      "History"
    ],
    "age": "15",
    "email": "liamdavis@example.com"
  }
]

at java.base/jdk.internal.reflect.DirectConstructorHandleAccessor.newInstance(DirectConstructorHandleAccessor.java:62)
at java.base/java.lang.reflect.Constructor.newInstanceWithCaller(Constructor.java:501)
at java.base/java.lang.reflect.Constructor.newInstance(Constructor.java:485)
at org.codehaus.groovy.reflection.CachedConstructor.invoke(CachedConstructor.java:73)
at org.codehaus.groovy.runtime.callsite.ConstructorSite$ConstructorSiteNoUnwrapNoCoerce.callConstructor(ConstructorSite.java:108)
at org.codehaus.groovy.runtime.callsite.CallSiteArray.defaultCallConstructor(CallSiteArray.java:57)
at org.codehaus.groovy.runtime.callsite.AbstractCallSite.callConstructor(AbstractCallSite.java:263)
at org.codehaus.groovy.runtime.callsite.AbstractCallSite.callConstructor(AbstractCallSite.java:277)
at io.restassured.internal.ResponseSpecificationImpl$HamcrestAssertionClosure.validate(ResponseSpecificationImpl.groovy:512)
at io.restassured.internal.ResponseSpecificationImpl$HamcrestAssertionClosure$validate$1.call(Unknown Source)
at org.codehaus.groovy.runtime.callsite.CallSiteArray.defaultCall(CallSiteArray.java:45)
at org.codehaus.groovy.runtime.callsite.AbstractCallSite.call(AbstractCallSite.java:125)
at org.codehaus.groovy.runtime.callsite.AbstractCallSite.call(AbstractCallSite.java:139)
at io.restassured.internal.ResponseSpecificationImpl.validateResponseIfRequired(ResponseSpecificationImpl.groovy:696)
at io.restassured.internal.ResponseSpecificationImpl.this$2$validateResponseIfRequired(ResponseSpecificationImpl.groovy)
at java.base/jdk.internal.reflect.DirectMethodHandleAccessor.invoke(DirectMethodHandleAccessor.java:103)
at java.base/java.lang.reflect.Method.invoke(Method.java:580)
at org.codehaus.groovy.runtime.callsite.PlainObjectMetaMethodSite.doInvoke(PlainObjectMetaMethodSite.java:43)
at org.codehaus.groovy.runtime.callsite.PogoMetaMethodSite$PogoCachedMethodSiteNoUnwrapNoCoerce.invoke(PogoMetaMethodSite.java:198)
at org.codehaus.groovy.runtime.callsite.PogoMetaMethodSite.callCurrent(PogoMetaMethodSite.java:62)
at org.codehaus.groovy.runtime.callsite.CallSiteArray.defaultCallCurrent(CallSiteArray.java:49)
at org.codehaus.groovy.runtime.callsite.AbstractCallSite.callCurrent(AbstractCallSite.java:171)
at org.codehaus.groovy.runtime.callsite.AbstractCallSite.callCurrent(AbstractCallSite.java:185)
at io.restassured.internal.ResponseSpecificationImpl.body(ResponseSpecificationImpl.groovy:107)
at io.restassured.internal.ValidatableResponseOptionsImpl.body(ValidatableResponseOptionsImpl.java:238)
at day6.jsonSchemaValidation.testMethod(jsonSchemaValidation.java:14)
at java.base/jdk.internal.reflect.DirectMethodHandleAccessor.invoke(DirectMethodHandleAccessor.java:103)
at java.base/java.lang.reflect.Method.invoke(Method.java:580)
at org.testng.internal.invokers.MethodInvocationHelper.invokeMethod(MethodInvocationHelper.java:139)
at org.testng.internal.invokers.TestInvoker.invokeMethod(TestInvoker.java:664)
at org.testng.internal.invokers.TestInvoker.invokeTestMethod(TestInvoker.java:227)
at org.testng.internal.invokers.MethodRunner.runInSequence(MethodRunner.java:50)
at org.testng.internal.invokers.TestInvoker$MethodInvocationAgent.invoke(TestInvoker.java:957)
at org.testng.internal.invokers.TestInvoker.invokeTestMethods(TestInvoker.java:200)
at org.testng.internal.invokers.TestMethodWorker.invokeTestMethods(TestMethodWorker.java:148)
at org.testng.internal.invokers.TestMethodWorker.run(TestMethodWorker.java:128)
at java.base/java.util.ArrayList.forEach(ArrayList.java:1597)
at org.testng.TestRunner.privateRun(TestRunner.java:848)
at org.testng.TestRunner.run(TestRunner.java:621)
at org.testng.SuiteRunner.runTest(SuiteRunner.java:443)
at org.testng.SuiteRunner.runSequentially(SuiteRunner.java:437)
at org.testng.SuiteRunner.privateRun(SuiteRunner.java:397)
at org.testng.SuiteRunner.run(SuiteRunner.java:336)
at org.testng.SuiteRunnerWorker.runSuite(SuiteRunnerWorker.java:52)
at org.testng.SuiteRunnerWorker.run(SuiteRunnerWorker.java:95)
at org.testng.TestNG.runSuitesSequentially(TestNG.java:1280)
at org.testng.TestNG.runSuitesLocally(TestNG.java:1200)
at org.testng.TestNG.runSuites(TestNG.java:1114)
at org.testng.TestNG.run(TestNG.java:1082)
at org.testng.remote.AbstractRemoteTestNG.run(AbstractRemoteTestNG.java:115)
at org.testng.remote.RemoteTestNG.initAndRun(RemoteTestNG.java:293)
at org.testng.remote.RemoteTestNG.main(RemoteTestNG.java:91)
]]>
    </failure>
  </testcase> <!-- testMethod -->
</testsuite> <!-- day6.jsonSchemaValidation -->
