<?xml version="1.0" encoding="UTF-8"?>
<!-- Generated by org.testng.reporters.JUnitReportReporter -->
<testsuite hostname="Lenovo" failures="0" tests="1" name="day8.UpdateUser" time="0.951" errors="0" timestamp="2025-03-31T15:59:01 IST" skipped="0">
  <testcase classname="day8.UpdateUser" name="test_updateUser" time="0.951"/>
</testsuite> <!-- day8.UpdateUser -->
