<?xml version="1.0" encoding="UTF-8"?>
<!-- Generated by org.testng.reporters.JUnitReportReporter -->
<testsuite hostname="Lenovo" failures="0" tests="1" name="day7.BasicDigestAuth" time="1.593" errors="0" timestamp="2025-03-31T14:07:45 IST" skipped="0">
  <testcase classname="day7.BasicDigestAuth" name="apiKeyAuthentication" time="1.593"/>
</testsuite> <!-- day7.BasicDigestAuth -->
