<?xml version="1.0" encoding="UTF-8"?>
<!-- Generated by org.testng.reporters.JUnitReportReporter -->
<testsuite hostname="Lenovo" failures="0" tests="3" name="day1.HTTPRequests" time="3.435" errors="0" timestamp="2025-03-30T17:00:25 IST" skipped="0">
  <testcase classname="day1.HTTPRequests" name="getUsers" time="1.831"/>
  <testcase classname="day1.HTTPRequests" name="createData" time="0.914"/>
  <testcase classname="day1.HTTPRequests" name="updateUser" time="0.690"/>
</testsuite> <!-- day1.HTTPRequests -->
