<?xml version="1.0" encoding="UTF-8"?>
<!-- Generated by org.testng.reporters.JUnitReportReporter -->
<testsuite hostname="Lenovo" failures="0" tests="1" name="day8.getUser" time="0.895" errors="0" timestamp="2025-03-31T15:59:01 IST" skipped="0">
  <testcase classname="day8.getUser" name="getUser" time="0.895"/>
</testsuite> <!-- day8.getUser -->
