<?xml version="1.0" encoding="UTF-8"?>
<!-- Generated by org.testng.reporters.JUnitReportReporter -->
<testsuite hostname="Lenovo" failures="0" tests="2" name="day6.Serilization" time="0.190" errors="0" timestamp="2025-03-31T17:10:17 IST" skipped="0">
  <testcase classname="day6.Serilization" name="convertPojo2Jason" time="0.170"/>
  <testcase classname="day6.Serilization" name="convertJson2POJO" time="0.020"/>
</testsuite> <!-- day6.Serilization -->
