<?xml version="1.0" encoding="UTF-8"?>
<!-- Generated by org.testng.reporters.JUnitReportReporter -->
<testsuite hostname="Lenovo" failures="0" tests="1" name="day3.LoggingDemo" time="1.347" errors="0" timestamp="2025-03-30T17:10:39 IST" skipped="0">
  <testcase classname="day3.LoggingDemo" name="testLogs" time="1.347"/>
</testsuite> <!-- day3.LoggingDemo -->
