<?xml version="1.0" encoding="UTF-8"?>
<!-- Generated by org.testng.reporters.JUnitReportReporter -->
<testsuite hostname="Lenovo" failures="0" tests="3" name="day3.HeadersDemo" time="3.296" errors="0" timestamp="2025-03-30T17:10:02 IST" skipped="0">
  <testcase classname="day3.HeadersDemo" name="getHeader" time="2.033"/>
  <testcase classname="day3.HeadersDemo" name="testHeaders" time="0.675"/>
  <testcase classname="day3.HeadersDemo" name="getHeaders" time="0.588"/>
</testsuite> <!-- day3.HeadersDemo -->
