<?xml version="1.0" encoding="UTF-8"?>
<!-- Generated by org.testng.reporters.JUnitReportReporter -->
<testsuite hostname="Lenovo" failures="0" tests="1" name="day3.PathAndQueryParameters" time="1.705" errors="0" timestamp="2025-03-14T17:16:00 IST" skipped="0">
  <testcase classname="day3.PathAndQueryParameters" name="getCookiesInfo" time="1.705"/>
</testsuite> <!-- day3.PathAndQueryParameters -->
