<?xml version="1.0" encoding="UTF-8"?>
<!-- Generated by org.testng.reporters.JUnitReportReporter -->
<testsuite hostname="Lenovo" failures="0" tests="1" name="day6.JsonSchemaValidationTest" time="1.492" errors="0" timestamp="2025-03-31T18:12:07 IST" skipped="0">
  <testcase classname="day6.JsonSchemaValidationTest" name="testJsonSchemaValidation1" time="1.492"/>
</testsuite> <!-- day6.JsonSchemaValidationTest -->
