<?xml version="1.0" encoding="UTF-8"?>
<!-- Generated by org.testng.reporters.JUnitReportReporter -->
<testsuite hostname="Lenovo" failures="0" tests="1" name="day2.DifferentWaysToCreatePostBody" time="1.586" errors="0" timestamp="2025-03-13T23:03:33 IST" skipped="0">
  <testcase classname="day2.DifferentWaysToCreatePostBody" name="testPostUsingExternalJsonFile" time="1.586"/>
</testsuite> <!-- day2.DifferentWaysToCreatePostBody -->
